<?xml version="1.0" encoding="UTF-8"?>
<testsuites name="SimpleForm" time="134.059" tests="10" failures="1" errors="0">
   <testsuite name="SimpleForm" tests="10" failures="1" errors="0" time="134.059" timestamp="2020-07-29 13:35:57" hostname="adamz - DESKTOP-9O3DKQB" id="Test Suites/SimpleForm">
      <properties>
         <property name="deviceName" value=""/>
         <property name="devicePlatform" value=""/>
         <property name="logFolder" value="C:\\Users\\adamz\\git\\seleniumeasy-katalon\\Reports\\20200729_133555\\SimpleForm\\20200729_133555"/>
         <property name="logFiles" value="C:\\Users\\adamz\\git\\seleniumeasy-katalon\\Reports\\20200729_133555\\SimpleForm\\20200729_133555\\execution0.log"/>
         <property name="attachments" value="C:\\Users\\adamz\\git\\seleniumeasy-katalon\\Reports\\20200729_133555\\SimpleForm\\20200729_133555\\1596022663765.png, C:\\Users\\adamz\\git\\seleniumeasy-katalon\\Reports\\20200729_133555\\SimpleForm\\20200729_133555\\1596022664135.png"/>
         <property name="hostName" value="adamz - DESKTOP-9O3DKQB"/>
         <property name="os" value="Windows 10 64bit"/>
         <property name="katalonVersion" value="7.6.2.205"/>
         <property name="browser" value="Chrome 84.0.4147.105"/>
         <property name="hostAddress" value="10.202.0.2"/>
         <property name="sessionId" value="bfba494e0af265c7a5570aa713d847dd"/>
         <property name="seleniumVersion" value="3.141.59"/>
         <property name="proxyInformation" value="ProxyInformation { proxyOption=NO_PROXY, proxyServerType=HTTP, username=, password=********, proxyServerAddress=, proxyServerPort=0, executionList=\&quot;\&quot;, isApplyToDesiredCapabilities=true }"/>
         <property name="platform" value="Windows 10"/>
      </properties>
      <testcase name="Test Cases/SimpleForm/textInputSimpleForm" time="14.634" classname="Test Cases/SimpleForm/textInputSimpleForm" status="PASSED">
         <system-out><![CDATA[2020-07-29 13:35:57 - [TEST_CASE][PASSED] - Test Cases/SimpleForm/textInputSimpleForm: Test Cases/SimpleForm/textInputSimpleForm

2020-07-29 13:35:57 - [TEST_STEP][PASSED] - openBrowser(""): Browser is opened with url: ''

2020-07-29 13:35:58 - [MESSAGE][INFO] - Starting 'Chrome' driver

2020-07-29 13:35:58 - [MESSAGE][INFO] - Action delay is set to 0 milliseconds

2020-07-29 13:36:02 - [MESSAGE][PASSED] - Browser is opened with url: ''

2020-07-29 13:36:02 - [TEST_STEP][PASSED] - maximizeWindow(): Current window maximized

2020-07-29 13:36:04 - [MESSAGE][PASSED] - Current window maximized

2020-07-29 13:36:04 - [TEST_STEP][PASSED] - navigateToUrl("https://www.seleniumeasy.com/test/basic-first-form-demo.html"): Navigate to 'https://www.seleniumeasy.com/test/basic-first-form-demo.html' successfully

2020-07-29 13:36:07 - [MESSAGE][PASSED] - Navigate to 'https://www.seleniumeasy.com/test/basic-first-form-demo.html' successfully

2020-07-29 13:36:07 - [TEST_STEP][PASSED] - delay(2): Delayed 2 second(s)

2020-07-29 13:36:09 - [MESSAGE][PASSED] - Delayed 2 second(s)

2020-07-29 13:36:09 - [TEST_STEP][PASSED] - click(findTestObject("TestPage/popupCloseBtn")): Object: 'Object Repository/TestPage/popupCloseBtn' is clicked on

2020-07-29 13:36:09 - [MESSAGE][PASSED] - Object: 'Object Repository/TestPage/popupCloseBtn' is clicked on

2020-07-29 13:36:09 - [TEST_STEP][PASSED] - sendKeys(findTestObject("SimpleFormDemoPage/textInputSimpleForm"), textInput): Keys 'test data' sent to object: 'Object Repository/SimpleFormDemoPage/textInputSimpleForm'

2020-07-29 13:36:10 - [MESSAGE][PASSED] - Keys 'test data' sent to object: 'Object Repository/SimpleFormDemoPage/textInputSimpleForm'

2020-07-29 13:36:10 - [TEST_STEP][PASSED] - click(findTestObject("SimpleFormDemoPage/showMessageBtn")): Object: 'Object Repository/SimpleFormDemoPage/showMessageBtn' is clicked on

2020-07-29 13:36:10 - [MESSAGE][PASSED] - Object: 'Object Repository/SimpleFormDemoPage/showMessageBtn' is clicked on

2020-07-29 13:36:10 - [TEST_STEP][PASSED] - verifyElementText(findTestObject("SimpleFormDemoPage/printedValueFromTextInput"), textInput): Actual text and expected text of test object 'Object Repository/SimpleFormDemoPage/printedValueFromTextInput' are matched.

2020-07-29 13:36:11 - [MESSAGE][PASSED] - Actual text and expected text of test object 'Object Repository/SimpleFormDemoPage/printedValueFromTextInput' are matched.

2020-07-29 13:36:11 - [TEST_STEP][PASSED] - closeBrowser(): Browser is closed

2020-07-29 13:36:12 - [MESSAGE][PASSED] - Browser is closed]]></system-out>
         <system-err><![CDATA[]]></system-err>
      </testcase>
      <testcase name="Test Cases/SimpleForm/textInputSimpleForm" time="12.971" classname="Test Cases/SimpleForm/textInputSimpleForm" status="PASSED">
         <system-out><![CDATA[2020-07-29 13:36:12 - [TEST_CASE][PASSED] - Test Cases/SimpleForm/textInputSimpleForm: Test Cases/SimpleForm/textInputSimpleForm

2020-07-29 13:36:12 - [TEST_STEP][PASSED] - openBrowser(""): Browser is opened with url: ''

2020-07-29 13:36:12 - [MESSAGE][INFO] - Starting 'Chrome' driver

2020-07-29 13:36:12 - [MESSAGE][INFO] - Action delay is set to 0 milliseconds

2020-07-29 13:36:15 - [MESSAGE][PASSED] - Browser is opened with url: ''

2020-07-29 13:36:15 - [TEST_STEP][PASSED] - maximizeWindow(): Current window maximized

2020-07-29 13:36:17 - [MESSAGE][PASSED] - Current window maximized

2020-07-29 13:36:17 - [TEST_STEP][PASSED] - navigateToUrl("https://www.seleniumeasy.com/test/basic-first-form-demo.html"): Navigate to 'https://www.seleniumeasy.com/test/basic-first-form-demo.html' successfully

2020-07-29 13:36:20 - [MESSAGE][PASSED] - Navigate to 'https://www.seleniumeasy.com/test/basic-first-form-demo.html' successfully

2020-07-29 13:36:20 - [TEST_STEP][PASSED] - delay(2): Delayed 2 second(s)

2020-07-29 13:36:22 - [MESSAGE][PASSED] - Delayed 2 second(s)

2020-07-29 13:36:22 - [TEST_STEP][PASSED] - click(findTestObject("TestPage/popupCloseBtn")): Object: 'Object Repository/TestPage/popupCloseBtn' is clicked on

2020-07-29 13:36:22 - [MESSAGE][PASSED] - Object: 'Object Repository/TestPage/popupCloseBtn' is clicked on

2020-07-29 13:36:22 - [TEST_STEP][PASSED] - sendKeys(findTestObject("SimpleFormDemoPage/textInputSimpleForm"), textInput): Keys 'this is a long long long long long long long test data' sent to object: 'Object Repository/SimpleFormDemoPage/textInputSimpleForm'

2020-07-29 13:36:23 - [MESSAGE][PASSED] - Keys 'this is a long long long long long long long test data' sent to object: 'Object Repository/SimpleFormDemoPage/textInputSimpleForm'

2020-07-29 13:36:23 - [TEST_STEP][PASSED] - click(findTestObject("SimpleFormDemoPage/showMessageBtn")): Object: 'Object Repository/SimpleFormDemoPage/showMessageBtn' is clicked on

2020-07-29 13:36:23 - [MESSAGE][PASSED] - Object: 'Object Repository/SimpleFormDemoPage/showMessageBtn' is clicked on

2020-07-29 13:36:23 - [TEST_STEP][PASSED] - verifyElementText(findTestObject("SimpleFormDemoPage/printedValueFromTextInput"), textInput): Actual text and expected text of test object 'Object Repository/SimpleFormDemoPage/printedValueFromTextInput' are matched.

2020-07-29 13:36:24 - [MESSAGE][PASSED] - Actual text and expected text of test object 'Object Repository/SimpleFormDemoPage/printedValueFromTextInput' are matched.

2020-07-29 13:36:24 - [TEST_STEP][PASSED] - closeBrowser(): Browser is closed

2020-07-29 13:36:25 - [MESSAGE][PASSED] - Browser is closed]]></system-out>
         <system-err><![CDATA[]]></system-err>
      </testcase>
      <testcase name="Test Cases/SimpleForm/textInputSimpleForm" time="12.91" classname="Test Cases/SimpleForm/textInputSimpleForm" status="PASSED">
         <system-out><![CDATA[2020-07-29 13:36:25 - [TEST_CASE][PASSED] - Test Cases/SimpleForm/textInputSimpleForm: Test Cases/SimpleForm/textInputSimpleForm

2020-07-29 13:36:25 - [TEST_STEP][PASSED] - openBrowser(""): Browser is opened with url: ''

2020-07-29 13:36:25 - [MESSAGE][INFO] - Starting 'Chrome' driver

2020-07-29 13:36:25 - [MESSAGE][INFO] - Action delay is set to 0 milliseconds

2020-07-29 13:36:28 - [MESSAGE][PASSED] - Browser is opened with url: ''

2020-07-29 13:36:28 - [TEST_STEP][PASSED] - maximizeWindow(): Current window maximized

2020-07-29 13:36:30 - [MESSAGE][PASSED] - Current window maximized

2020-07-29 13:36:30 - [TEST_STEP][PASSED] - navigateToUrl("https://www.seleniumeasy.com/test/basic-first-form-demo.html"): Navigate to 'https://www.seleniumeasy.com/test/basic-first-form-demo.html' successfully

2020-07-29 13:36:33 - [MESSAGE][PASSED] - Navigate to 'https://www.seleniumeasy.com/test/basic-first-form-demo.html' successfully

2020-07-29 13:36:33 - [TEST_STEP][PASSED] - delay(2): Delayed 2 second(s)

2020-07-29 13:36:35 - [MESSAGE][PASSED] - Delayed 2 second(s)

2020-07-29 13:36:35 - [TEST_STEP][PASSED] - click(findTestObject("TestPage/popupCloseBtn")): Object: 'Object Repository/TestPage/popupCloseBtn' is clicked on

2020-07-29 13:36:35 - [MESSAGE][PASSED] - Object: 'Object Repository/TestPage/popupCloseBtn' is clicked on

2020-07-29 13:36:35 - [TEST_STEP][PASSED] - sendKeys(findTestObject("SimpleFormDemoPage/textInputSimpleForm"), textInput): Keys '0' sent to object: 'Object Repository/SimpleFormDemoPage/textInputSimpleForm'

2020-07-29 13:36:36 - [MESSAGE][PASSED] - Keys '0' sent to object: 'Object Repository/SimpleFormDemoPage/textInputSimpleForm'

2020-07-29 13:36:36 - [TEST_STEP][PASSED] - click(findTestObject("SimpleFormDemoPage/showMessageBtn")): Object: 'Object Repository/SimpleFormDemoPage/showMessageBtn' is clicked on

2020-07-29 13:36:36 - [MESSAGE][PASSED] - Object: 'Object Repository/SimpleFormDemoPage/showMessageBtn' is clicked on

2020-07-29 13:36:36 - [TEST_STEP][PASSED] - verifyElementText(findTestObject("SimpleFormDemoPage/printedValueFromTextInput"), textInput): Actual text and expected text of test object 'Object Repository/SimpleFormDemoPage/printedValueFromTextInput' are matched.

2020-07-29 13:36:37 - [MESSAGE][PASSED] - Actual text and expected text of test object 'Object Repository/SimpleFormDemoPage/printedValueFromTextInput' are matched.

2020-07-29 13:36:37 - [TEST_STEP][PASSED] - closeBrowser(): Browser is closed

2020-07-29 13:36:37 - [MESSAGE][PASSED] - Browser is closed]]></system-out>
         <system-err><![CDATA[]]></system-err>
      </testcase>
      <testcase name="Test Cases/SimpleForm/textInputSimpleForm" time="13.754" classname="Test Cases/SimpleForm/textInputSimpleForm" status="PASSED">
         <system-out><![CDATA[2020-07-29 13:36:37 - [TEST_CASE][PASSED] - Test Cases/SimpleForm/textInputSimpleForm: Test Cases/SimpleForm/textInputSimpleForm

2020-07-29 13:36:37 - [TEST_STEP][PASSED] - openBrowser(""): Browser is opened with url: ''

2020-07-29 13:36:37 - [MESSAGE][INFO] - Starting 'Chrome' driver

2020-07-29 13:36:37 - [MESSAGE][INFO] - Action delay is set to 0 milliseconds

2020-07-29 13:36:40 - [MESSAGE][PASSED] - Browser is opened with url: ''

2020-07-29 13:36:40 - [TEST_STEP][PASSED] - maximizeWindow(): Current window maximized

2020-07-29 13:36:43 - [MESSAGE][PASSED] - Current window maximized

2020-07-29 13:36:43 - [TEST_STEP][PASSED] - navigateToUrl("https://www.seleniumeasy.com/test/basic-first-form-demo.html"): Navigate to 'https://www.seleniumeasy.com/test/basic-first-form-demo.html' successfully

2020-07-29 13:36:46 - [MESSAGE][PASSED] - Navigate to 'https://www.seleniumeasy.com/test/basic-first-form-demo.html' successfully

2020-07-29 13:36:46 - [TEST_STEP][PASSED] - delay(2): Delayed 2 second(s)

2020-07-29 13:36:48 - [MESSAGE][PASSED] - Delayed 2 second(s)

2020-07-29 13:36:48 - [TEST_STEP][PASSED] - click(findTestObject("TestPage/popupCloseBtn")): Object: 'Object Repository/TestPage/popupCloseBtn' is clicked on

2020-07-29 13:36:48 - [MESSAGE][PASSED] - Object: 'Object Repository/TestPage/popupCloseBtn' is clicked on

2020-07-29 13:36:48 - [TEST_STEP][PASSED] - sendKeys(findTestObject("SimpleFormDemoPage/textInputSimpleForm"), textInput): Keys '"+!%/=()Ö#@' sent to object: 'Object Repository/SimpleFormDemoPage/textInputSimpleForm'

2020-07-29 13:36:49 - [MESSAGE][PASSED] - Keys '"+!%/=()Ö#@' sent to object: 'Object Repository/SimpleFormDemoPage/textInputSimpleForm'

2020-07-29 13:36:49 - [TEST_STEP][PASSED] - click(findTestObject("SimpleFormDemoPage/showMessageBtn")): Object: 'Object Repository/SimpleFormDemoPage/showMessageBtn' is clicked on

2020-07-29 13:36:49 - [MESSAGE][PASSED] - Object: 'Object Repository/SimpleFormDemoPage/showMessageBtn' is clicked on

2020-07-29 13:36:49 - [TEST_STEP][PASSED] - verifyElementText(findTestObject("SimpleFormDemoPage/printedValueFromTextInput"), textInput): Actual text and expected text of test object 'Object Repository/SimpleFormDemoPage/printedValueFromTextInput' are matched.

2020-07-29 13:36:50 - [MESSAGE][PASSED] - Actual text and expected text of test object 'Object Repository/SimpleFormDemoPage/printedValueFromTextInput' are matched.

2020-07-29 13:36:50 - [TEST_STEP][PASSED] - closeBrowser(): Browser is closed

2020-07-29 13:36:51 - [MESSAGE][PASSED] - Browser is closed]]></system-out>
         <system-err><![CDATA[]]></system-err>
      </testcase>
      <testcase name="Test Cases/SimpleForm/numberInputSimpleForm" time="13.223" classname="Test Cases/SimpleForm/numberInputSimpleForm" status="PASSED">
         <system-out><![CDATA[2020-07-29 13:36:51 - [TEST_CASE][PASSED] - Test Cases/SimpleForm/numberInputSimpleForm: Test Cases/SimpleForm/numberInputSimpleForm

2020-07-29 13:36:51 - [TEST_STEP][PASSED] - openBrowser(""): Browser is opened with url: ''

2020-07-29 13:36:51 - [MESSAGE][INFO] - Starting 'Chrome' driver

2020-07-29 13:36:51 - [MESSAGE][INFO] - Action delay is set to 0 milliseconds

2020-07-29 13:36:55 - [MESSAGE][PASSED] - Browser is opened with url: ''

2020-07-29 13:36:55 - [TEST_STEP][PASSED] - maximizeWindow(): Current window maximized

2020-07-29 13:36:57 - [MESSAGE][PASSED] - Current window maximized

2020-07-29 13:36:57 - [TEST_STEP][PASSED] - navigateToUrl("https://www.seleniumeasy.com/test/basic-first-form-demo.html"): Navigate to 'https://www.seleniumeasy.com/test/basic-first-form-demo.html' successfully

2020-07-29 13:37:00 - [MESSAGE][PASSED] - Navigate to 'https://www.seleniumeasy.com/test/basic-first-form-demo.html' successfully

2020-07-29 13:37:00 - [TEST_STEP][PASSED] - delay(2): Delayed 2 second(s)

2020-07-29 13:37:02 - [MESSAGE][PASSED] - Delayed 2 second(s)

2020-07-29 13:37:02 - [TEST_STEP][PASSED] - click(findTestObject("TestPage/popupCloseBtn")): Object: 'Object Repository/TestPage/popupCloseBtn' is clicked on

2020-07-29 13:37:02 - [MESSAGE][PASSED] - Object: 'Object Repository/TestPage/popupCloseBtn' is clicked on

2020-07-29 13:37:02 - [TEST_STEP][PASSED] - sendKeys(findTestObject("SimpleFormDemoPage/a_numberInputField"), numberA): Keys '0' sent to object: 'Object Repository/SimpleFormDemoPage/a_numberInputField'

2020-07-29 13:37:03 - [MESSAGE][PASSED] - Keys '0' sent to object: 'Object Repository/SimpleFormDemoPage/a_numberInputField'

2020-07-29 13:37:03 - [TEST_STEP][PASSED] - sendKeys(findTestObject("SimpleFormDemoPage/b_numberInputField"), numberB): Keys '0' sent to object: 'Object Repository/SimpleFormDemoPage/b_numberInputField'

2020-07-29 13:37:03 - [MESSAGE][PASSED] - Keys '0' sent to object: 'Object Repository/SimpleFormDemoPage/b_numberInputField'

2020-07-29 13:37:03 - [TEST_STEP][PASSED] - click(findTestObject("SimpleFormDemoPage/getTotalBtn")): Object: 'Object Repository/SimpleFormDemoPage/getTotalBtn' is clicked on

2020-07-29 13:37:03 - [MESSAGE][PASSED] - Object: 'Object Repository/SimpleFormDemoPage/getTotalBtn' is clicked on

2020-07-29 13:37:03 - [TEST_STEP][PASSED] - verifyElementText(findTestObject("SimpleFormDemoPage/resultNumber"), numberResult): Actual text and expected text of test object 'Object Repository/SimpleFormDemoPage/resultNumber' are matched.

2020-07-29 13:37:04 - [MESSAGE][PASSED] - Actual text and expected text of test object 'Object Repository/SimpleFormDemoPage/resultNumber' are matched.

2020-07-29 13:37:04 - [TEST_STEP][PASSED] - closeBrowser(): Browser is closed

2020-07-29 13:37:04 - [MESSAGE][PASSED] - Browser is closed]]></system-out>
         <system-err><![CDATA[]]></system-err>
      </testcase>
      <testcase name="Test Cases/SimpleForm/numberInputSimpleForm" time="13.175" classname="Test Cases/SimpleForm/numberInputSimpleForm" status="PASSED">
         <system-out><![CDATA[2020-07-29 13:37:04 - [TEST_CASE][PASSED] - Test Cases/SimpleForm/numberInputSimpleForm: Test Cases/SimpleForm/numberInputSimpleForm

2020-07-29 13:37:04 - [TEST_STEP][PASSED] - openBrowser(""): Browser is opened with url: ''

2020-07-29 13:37:04 - [MESSAGE][INFO] - Starting 'Chrome' driver

2020-07-29 13:37:04 - [MESSAGE][INFO] - Action delay is set to 0 milliseconds

2020-07-29 13:37:08 - [MESSAGE][PASSED] - Browser is opened with url: ''

2020-07-29 13:37:08 - [TEST_STEP][PASSED] - maximizeWindow(): Current window maximized

2020-07-29 13:37:10 - [MESSAGE][PASSED] - Current window maximized

2020-07-29 13:37:10 - [TEST_STEP][PASSED] - navigateToUrl("https://www.seleniumeasy.com/test/basic-first-form-demo.html"): Navigate to 'https://www.seleniumeasy.com/test/basic-first-form-demo.html' successfully

2020-07-29 13:37:13 - [MESSAGE][PASSED] - Navigate to 'https://www.seleniumeasy.com/test/basic-first-form-demo.html' successfully

2020-07-29 13:37:13 - [TEST_STEP][PASSED] - delay(2): Delayed 2 second(s)

2020-07-29 13:37:15 - [MESSAGE][PASSED] - Delayed 2 second(s)

2020-07-29 13:37:15 - [TEST_STEP][PASSED] - click(findTestObject("TestPage/popupCloseBtn")): Object: 'Object Repository/TestPage/popupCloseBtn' is clicked on

2020-07-29 13:37:15 - [MESSAGE][PASSED] - Object: 'Object Repository/TestPage/popupCloseBtn' is clicked on

2020-07-29 13:37:15 - [TEST_STEP][PASSED] - sendKeys(findTestObject("SimpleFormDemoPage/a_numberInputField"), numberA): Keys '1' sent to object: 'Object Repository/SimpleFormDemoPage/a_numberInputField'

2020-07-29 13:37:16 - [MESSAGE][PASSED] - Keys '1' sent to object: 'Object Repository/SimpleFormDemoPage/a_numberInputField'

2020-07-29 13:37:16 - [TEST_STEP][PASSED] - sendKeys(findTestObject("SimpleFormDemoPage/b_numberInputField"), numberB): Keys '1' sent to object: 'Object Repository/SimpleFormDemoPage/b_numberInputField'

2020-07-29 13:37:16 - [MESSAGE][PASSED] - Keys '1' sent to object: 'Object Repository/SimpleFormDemoPage/b_numberInputField'

2020-07-29 13:37:16 - [TEST_STEP][PASSED] - click(findTestObject("SimpleFormDemoPage/getTotalBtn")): Object: 'Object Repository/SimpleFormDemoPage/getTotalBtn' is clicked on

2020-07-29 13:37:17 - [MESSAGE][PASSED] - Object: 'Object Repository/SimpleFormDemoPage/getTotalBtn' is clicked on

2020-07-29 13:37:17 - [TEST_STEP][PASSED] - verifyElementText(findTestObject("SimpleFormDemoPage/resultNumber"), numberResult): Actual text and expected text of test object 'Object Repository/SimpleFormDemoPage/resultNumber' are matched.

2020-07-29 13:37:17 - [MESSAGE][PASSED] - Actual text and expected text of test object 'Object Repository/SimpleFormDemoPage/resultNumber' are matched.

2020-07-29 13:37:17 - [TEST_STEP][PASSED] - closeBrowser(): Browser is closed

2020-07-29 13:37:18 - [MESSAGE][PASSED] - Browser is closed]]></system-out>
         <system-err><![CDATA[]]></system-err>
      </testcase>
      <testcase name="Test Cases/SimpleForm/numberInputSimpleForm" time="12.999" classname="Test Cases/SimpleForm/numberInputSimpleForm" status="PASSED">
         <system-out><![CDATA[2020-07-29 13:37:18 - [TEST_CASE][PASSED] - Test Cases/SimpleForm/numberInputSimpleForm: Test Cases/SimpleForm/numberInputSimpleForm

2020-07-29 13:37:18 - [TEST_STEP][PASSED] - openBrowser(""): Browser is opened with url: ''

2020-07-29 13:37:18 - [MESSAGE][INFO] - Starting 'Chrome' driver

2020-07-29 13:37:18 - [MESSAGE][INFO] - Action delay is set to 0 milliseconds

2020-07-29 13:37:21 - [MESSAGE][PASSED] - Browser is opened with url: ''

2020-07-29 13:37:21 - [TEST_STEP][PASSED] - maximizeWindow(): Current window maximized

2020-07-29 13:37:23 - [MESSAGE][PASSED] - Current window maximized

2020-07-29 13:37:23 - [TEST_STEP][PASSED] - navigateToUrl("https://www.seleniumeasy.com/test/basic-first-form-demo.html"): Navigate to 'https://www.seleniumeasy.com/test/basic-first-form-demo.html' successfully

2020-07-29 13:37:26 - [MESSAGE][PASSED] - Navigate to 'https://www.seleniumeasy.com/test/basic-first-form-demo.html' successfully

2020-07-29 13:37:26 - [TEST_STEP][PASSED] - delay(2): Delayed 2 second(s)

2020-07-29 13:37:28 - [MESSAGE][PASSED] - Delayed 2 second(s)

2020-07-29 13:37:28 - [TEST_STEP][PASSED] - click(findTestObject("TestPage/popupCloseBtn")): Object: 'Object Repository/TestPage/popupCloseBtn' is clicked on

2020-07-29 13:37:28 - [MESSAGE][PASSED] - Object: 'Object Repository/TestPage/popupCloseBtn' is clicked on

2020-07-29 13:37:28 - [TEST_STEP][PASSED] - sendKeys(findTestObject("SimpleFormDemoPage/a_numberInputField"), numberA): Keys '-1' sent to object: 'Object Repository/SimpleFormDemoPage/a_numberInputField'

2020-07-29 13:37:29 - [MESSAGE][PASSED] - Keys '-1' sent to object: 'Object Repository/SimpleFormDemoPage/a_numberInputField'

2020-07-29 13:37:29 - [TEST_STEP][PASSED] - sendKeys(findTestObject("SimpleFormDemoPage/b_numberInputField"), numberB): Keys '-1' sent to object: 'Object Repository/SimpleFormDemoPage/b_numberInputField'

2020-07-29 13:37:29 - [MESSAGE][PASSED] - Keys '-1' sent to object: 'Object Repository/SimpleFormDemoPage/b_numberInputField'

2020-07-29 13:37:29 - [TEST_STEP][PASSED] - click(findTestObject("SimpleFormDemoPage/getTotalBtn")): Object: 'Object Repository/SimpleFormDemoPage/getTotalBtn' is clicked on

2020-07-29 13:37:30 - [MESSAGE][PASSED] - Object: 'Object Repository/SimpleFormDemoPage/getTotalBtn' is clicked on

2020-07-29 13:37:30 - [TEST_STEP][PASSED] - verifyElementText(findTestObject("SimpleFormDemoPage/resultNumber"), numberResult): Actual text and expected text of test object 'Object Repository/SimpleFormDemoPage/resultNumber' are matched.

2020-07-29 13:37:30 - [MESSAGE][PASSED] - Actual text and expected text of test object 'Object Repository/SimpleFormDemoPage/resultNumber' are matched.

2020-07-29 13:37:30 - [TEST_STEP][PASSED] - closeBrowser(): Browser is closed

2020-07-29 13:37:31 - [MESSAGE][PASSED] - Browser is closed]]></system-out>
         <system-err><![CDATA[]]></system-err>
      </testcase>
      <testcase name="Test Cases/SimpleForm/numberInputSimpleForm" time="13.297" classname="Test Cases/SimpleForm/numberInputSimpleForm" status="FAILED">
         <failure type="FAILED" message="Test Cases/SimpleForm/numberInputSimpleForm FAILED.
Reason:
com.kms.katalon.core.exception.StepFailedException: Verify element text of test object 'Object Repository/SimpleFormDemoPage/resultNumber' FAILED.
	at com.kms.katalon.core.webui.keyword.internal.WebUIKeywordMain.stepFailed(WebUIKeywordMain.groovy:64)
	at com.kms.katalon.core.webui.keyword.internal.WebUIKeywordMain.runKeyword(WebUIKeywordMain.groovy:26)
	at com.kms.katalon.core.webui.keyword.builtin.VerifyElementTextKeyword.verifyElementText(VerifyElementTextKeyword.groovy:72)
	at com.kms.katalon.core.webui.keyword.builtin.VerifyElementTextKeyword.execute(VerifyElementTextKeyword.groovy:40)
	at com.kms.katalon.core.keyword.internal.KeywordExecutor.executeKeywordForPlatform(KeywordExecutor.groovy:73)
	at com.kms.katalon.core.webui.keyword.WebUiBuiltInKeywords.verifyElementText(WebUiBuiltInKeywords.groovy:3689)
	at com.kms.katalon.core.webui.keyword.WebUiBuiltInKeywords$verifyElementText$4.call(Unknown Source)
	at numberInputSimpleForm.run(numberInputSimpleForm:35)
	at com.kms.katalon.core.main.ScriptEngine.run(ScriptEngine.java:194)
	at com.kms.katalon.core.main.ScriptEngine.runScriptAsRawText(ScriptEngine.java:119)
	at com.kms.katalon.core.main.TestCaseExecutor.runScript(TestCaseExecutor.java:339)
	at com.kms.katalon.core.main.TestCaseExecutor.doExecute(TestCaseExecutor.java:330)
	at com.kms.katalon.core.main.TestCaseExecutor.processExecutionPhase(TestCaseExecutor.java:309)
	at com.kms.katalon.core.main.TestCaseExecutor.accessMainPhase(TestCaseExecutor.java:301)
	at com.kms.katalon.core.main.TestCaseExecutor.execute(TestCaseExecutor.java:235)
	at com.kms.katalon.core.main.TestSuiteExecutor.accessTestCaseMainPhase(TestSuiteExecutor.java:191)
	at com.kms.katalon.core.main.TestSuiteExecutor.accessTestSuiteMainPhase(TestSuiteExecutor.java:141)
	at com.kms.katalon.core.main.TestSuiteExecutor.execute(TestSuiteExecutor.java:90)
	at com.kms.katalon.core.main.TestCaseMain.startTestSuite(TestCaseMain.java:157)
	at com.kms.katalon.core.main.TestCaseMain$startTestSuite$0.call(Unknown Source)
	at TempTestSuite1596022555331.run(TempTestSuite1596022555331.groovy:39)
Caused by: com.kms.katalon.core.exception.StepFailedException: Actual text '110000000000000000000' and expected text '200000000000000000000' of test object 'Object Repository/SimpleFormDemoPage/resultNumber' are NOT matched.
	at com.kms.katalon.core.webui.keyword.internal.WebUIKeywordMain.stepFailed(WebUIKeywordMain.groovy:64)
	at com.kms.katalon.core.webui.keyword.builtin.VerifyElementTextKeyword$_verifyElementText_closure1.doCall(VerifyElementTextKeyword.groovy:57)
	at com.kms.katalon.core.webui.keyword.builtin.VerifyElementTextKeyword$_verifyElementText_closure1.call(VerifyElementTextKeyword.groovy)
	at com.kms.katalon.core.webui.keyword.internal.WebUIKeywordMain.runKeyword(WebUIKeywordMain.groovy:20)
	... 19 more
"/>
         <system-out><![CDATA[2020-07-29 13:37:31 - [TEST_CASE][FAILED] - Test Cases/SimpleForm/numberInputSimpleForm: Test Cases/SimpleForm/numberInputSimpleForm FAILED.
Reason:
com.kms.katalon.core.exception.StepFailedException: Verify element text of test object 'Object Repository/SimpleFormDemoPage/resultNumber' FAILED.
	at com.kms.katalon.core.webui.keyword.internal.WebUIKeywordMain.stepFailed(WebUIKeywordMain.groovy:64)
	at com.kms.katalon.core.webui.keyword.internal.WebUIKeywordMain.runKeyword(WebUIKeywordMain.groovy:26)
	at com.kms.katalon.core.webui.keyword.builtin.VerifyElementTextKeyword.verifyElementText(VerifyElementTextKeyword.groovy:72)
	at com.kms.katalon.core.webui.keyword.builtin.VerifyElementTextKeyword.execute(VerifyElementTextKeyword.groovy:40)
	at com.kms.katalon.core.keyword.internal.KeywordExecutor.executeKeywordForPlatform(KeywordExecutor.groovy:73)
	at com.kms.katalon.core.webui.keyword.WebUiBuiltInKeywords.verifyElementText(WebUiBuiltInKeywords.groovy:3689)
	at com.kms.katalon.core.webui.keyword.WebUiBuiltInKeywords$verifyElementText$4.call(Unknown Source)
	at numberInputSimpleForm.run(numberInputSimpleForm:35)
	at com.kms.katalon.core.main.ScriptEngine.run(ScriptEngine.java:194)
	at com.kms.katalon.core.main.ScriptEngine.runScriptAsRawText(ScriptEngine.java:119)
	at com.kms.katalon.core.main.TestCaseExecutor.runScript(TestCaseExecutor.java:339)
	at com.kms.katalon.core.main.TestCaseExecutor.doExecute(TestCaseExecutor.java:330)
	at com.kms.katalon.core.main.TestCaseExecutor.processExecutionPhase(TestCaseExecutor.java:309)
	at com.kms.katalon.core.main.TestCaseExecutor.accessMainPhase(TestCaseExecutor.java:301)
	at com.kms.katalon.core.main.TestCaseExecutor.execute(TestCaseExecutor.java:235)
	at com.kms.katalon.core.main.TestSuiteExecutor.accessTestCaseMainPhase(TestSuiteExecutor.java:191)
	at com.kms.katalon.core.main.TestSuiteExecutor.accessTestSuiteMainPhase(TestSuiteExecutor.java:141)
	at com.kms.katalon.core.main.TestSuiteExecutor.execute(TestSuiteExecutor.java:90)
	at com.kms.katalon.core.main.TestCaseMain.startTestSuite(TestCaseMain.java:157)
	at com.kms.katalon.core.main.TestCaseMain$startTestSuite$0.call(Unknown Source)
	at TempTestSuite1596022555331.run(TempTestSuite1596022555331.groovy:39)
Caused by: com.kms.katalon.core.exception.StepFailedException: Actual text '110000000000000000000' and expected text '200000000000000000000' of test object 'Object Repository/SimpleFormDemoPage/resultNumber' are NOT matched.
	at com.kms.katalon.core.webui.keyword.internal.WebUIKeywordMain.stepFailed(WebUIKeywordMain.groovy:64)
	at com.kms.katalon.core.webui.keyword.builtin.VerifyElementTextKeyword$_verifyElementText_closure1.doCall(VerifyElementTextKeyword.groovy:57)
	at com.kms.katalon.core.webui.keyword.builtin.VerifyElementTextKeyword$_verifyElementText_closure1.call(VerifyElementTextKeyword.groovy)
	at com.kms.katalon.core.webui.keyword.internal.WebUIKeywordMain.runKeyword(WebUIKeywordMain.groovy:20)
	... 19 more


2020-07-29 13:37:31 - [TEST_STEP][PASSED] - openBrowser(""): Browser is opened with url: ''

2020-07-29 13:37:31 - [MESSAGE][INFO] - Starting 'Chrome' driver

2020-07-29 13:37:31 - [MESSAGE][INFO] - Action delay is set to 0 milliseconds

2020-07-29 13:37:34 - [MESSAGE][PASSED] - Browser is opened with url: ''

2020-07-29 13:37:34 - [TEST_STEP][PASSED] - maximizeWindow(): Current window maximized

2020-07-29 13:37:36 - [MESSAGE][PASSED] - Current window maximized

2020-07-29 13:37:36 - [TEST_STEP][PASSED] - navigateToUrl("https://www.seleniumeasy.com/test/basic-first-form-demo.html"): Navigate to 'https://www.seleniumeasy.com/test/basic-first-form-demo.html' successfully

2020-07-29 13:37:39 - [MESSAGE][PASSED] - Navigate to 'https://www.seleniumeasy.com/test/basic-first-form-demo.html' successfully

2020-07-29 13:37:39 - [TEST_STEP][PASSED] - delay(2): Delayed 2 second(s)

2020-07-29 13:37:41 - [MESSAGE][PASSED] - Delayed 2 second(s)

2020-07-29 13:37:41 - [TEST_STEP][PASSED] - click(findTestObject("TestPage/popupCloseBtn")): Object: 'Object Repository/TestPage/popupCloseBtn' is clicked on

2020-07-29 13:37:41 - [MESSAGE][PASSED] - Object: 'Object Repository/TestPage/popupCloseBtn' is clicked on

2020-07-29 13:37:41 - [TEST_STEP][PASSED] - sendKeys(findTestObject("SimpleFormDemoPage/a_numberInputField"), numberA): Keys '10000000000000000000' sent to object: 'Object Repository/SimpleFormDemoPage/a_numberInputField'

2020-07-29 13:37:42 - [MESSAGE][PASSED] - Keys '10000000000000000000' sent to object: 'Object Repository/SimpleFormDemoPage/a_numberInputField'

2020-07-29 13:37:42 - [TEST_STEP][PASSED] - sendKeys(findTestObject("SimpleFormDemoPage/b_numberInputField"), numberB): Keys '100000000000000000000' sent to object: 'Object Repository/SimpleFormDemoPage/b_numberInputField'

2020-07-29 13:37:42 - [MESSAGE][PASSED] - Keys '100000000000000000000' sent to object: 'Object Repository/SimpleFormDemoPage/b_numberInputField'

2020-07-29 13:37:42 - [TEST_STEP][PASSED] - click(findTestObject("SimpleFormDemoPage/getTotalBtn")): Object: 'Object Repository/SimpleFormDemoPage/getTotalBtn' is clicked on

2020-07-29 13:37:43 - [MESSAGE][PASSED] - Object: 'Object Repository/SimpleFormDemoPage/getTotalBtn' is clicked on

2020-07-29 13:37:43 - [TEST_STEP][FAILED] - verifyElementText(findTestObject("SimpleFormDemoPage/resultNumber"), numberResult): Verify element text of test object 'Object Repository/SimpleFormDemoPage/resultNumber' FAILED. (Root cause: com.kms.katalon.core.exception.StepFailedException: Verify element text of test object 'Object Repository/SimpleFormDemoPage/resultNumber' FAILED.
	at com.kms.katalon.core.webui.keyword.internal.WebUIKeywordMain.stepFailed(WebUIKeywordMain.groovy:64)
	at com.kms.katalon.core.webui.keyword.internal.WebUIKeywordMain.runKeyword(WebUIKeywordMain.groovy:26)
	at com.kms.katalon.core.webui.keyword.builtin.VerifyElementTextKeyword.verifyElementText(VerifyElementTextKeyword.groovy:72)
	at com.kms.katalon.core.webui.keyword.builtin.VerifyElementTextKeyword.execute(VerifyElementTextKeyword.groovy:40)
	at com.kms.katalon.core.keyword.internal.KeywordExecutor.executeKeywordForPlatform(KeywordExecutor.groovy:73)
	at com.kms.katalon.core.webui.keyword.WebUiBuiltInKeywords.verifyElementText(WebUiBuiltInKeywords.groovy:3689)
	at com.kms.katalon.core.webui.keyword.WebUiBuiltInKeywords$verifyElementText$4.call(Unknown Source)
	at numberInputSimpleForm.run(numberInputSimpleForm:35)
	at com.kms.katalon.core.main.ScriptEngine.run(ScriptEngine.java:194)
	at com.kms.katalon.core.main.ScriptEngine.runScriptAsRawText(ScriptEngine.java:119)
	at com.kms.katalon.core.main.TestCaseExecutor.runScript(TestCaseExecutor.java:339)
	at com.kms.katalon.core.main.TestCaseExecutor.doExecute(TestCaseExecutor.java:330)
	at com.kms.katalon.core.main.TestCaseExecutor.processExecutionPhase(TestCaseExecutor.java:309)
	at com.kms.katalon.core.main.TestCaseExecutor.accessMainPhase(TestCaseExecutor.java:301)
	at com.kms.katalon.core.main.TestCaseExecutor.execute(TestCaseExecutor.java:235)
	at com.kms.katalon.core.main.TestSuiteExecutor.accessTestCaseMainPhase(TestSuiteExecutor.java:191)
	at com.kms.katalon.core.main.TestSuiteExecutor.accessTestSuiteMainPhase(TestSuiteExecutor.java:141)
	at com.kms.katalon.core.main.TestSuiteExecutor.execute(TestSuiteExecutor.java:90)
	at com.kms.katalon.core.main.TestCaseMain.startTestSuite(TestCaseMain.java:157)
	at com.kms.katalon.core.main.TestCaseMain$startTestSuite$0.call(Unknown Source)
	at TempTestSuite1596022555331.run(TempTestSuite1596022555331.groovy:39)
Caused by: com.kms.katalon.core.exception.StepFailedException: Actual text '110000000000000000000' and expected text '200000000000000000000' of test object 'Object Repository/SimpleFormDemoPage/resultNumber' are NOT matched.
	at com.kms.katalon.core.webui.keyword.internal.WebUIKeywordMain.stepFailed(WebUIKeywordMain.groovy:64)
	at com.kms.katalon.core.webui.keyword.builtin.VerifyElementTextKeyword$_verifyElementText_closure1.doCall(VerifyElementTextKeyword.groovy:57)
	at com.kms.katalon.core.webui.keyword.builtin.VerifyElementTextKeyword$_verifyElementText_closure1.call(VerifyElementTextKeyword.groovy)
	at com.kms.katalon.core.webui.keyword.internal.WebUIKeywordMain.runKeyword(WebUIKeywordMain.groovy:20)
	... 19 more
)

2020-07-29 13:37:44 - [MESSAGE][FAILED] - Actual text '110000000000000000000' and expected text '200000000000000000000' of test object 'Object Repository/SimpleFormDemoPage/resultNumber' are NOT matched. (Root cause: com.kms.katalon.core.exception.StepFailedException: Actual text '110000000000000000000' and expected text '200000000000000000000' of test object 'Object Repository/SimpleFormDemoPage/resultNumber' are NOT matched.
	at com.kms.katalon.core.webui.keyword.internal.WebUIKeywordMain.stepFailed(WebUIKeywordMain.groovy:64)
	at com.kms.katalon.core.webui.keyword.builtin.VerifyElementTextKeyword$_verifyElementText_closure1.doCall(VerifyElementTextKeyword.groovy:57)
	at com.kms.katalon.core.webui.keyword.builtin.VerifyElementTextKeyword$_verifyElementText_closure1.call(VerifyElementTextKeyword.groovy)
	at com.kms.katalon.core.webui.keyword.internal.WebUIKeywordMain.runKeyword(WebUIKeywordMain.groovy:20)
	at com.kms.katalon.core.webui.keyword.builtin.VerifyElementTextKeyword.verifyElementText(VerifyElementTextKeyword.groovy:72)
	at com.kms.katalon.core.webui.keyword.builtin.VerifyElementTextKeyword.execute(VerifyElementTextKeyword.groovy:40)
	at com.kms.katalon.core.keyword.internal.KeywordExecutor.executeKeywordForPlatform(KeywordExecutor.groovy:73)
	at com.kms.katalon.core.webui.keyword.WebUiBuiltInKeywords.verifyElementText(WebUiBuiltInKeywords.groovy:3689)
	at com.kms.katalon.core.webui.keyword.WebUiBuiltInKeywords$verifyElementText$4.call(Unknown Source)
	at numberInputSimpleForm.run(numberInputSimpleForm:35)
	at com.kms.katalon.core.main.ScriptEngine.run(ScriptEngine.java:194)
	at com.kms.katalon.core.main.ScriptEngine.runScriptAsRawText(ScriptEngine.java:119)
	at com.kms.katalon.core.main.TestCaseExecutor.runScript(TestCaseExecutor.java:339)
	at com.kms.katalon.core.main.TestCaseExecutor.doExecute(TestCaseExecutor.java:330)
	at com.kms.katalon.core.main.TestCaseExecutor.processExecutionPhase(TestCaseExecutor.java:309)
	at com.kms.katalon.core.main.TestCaseExecutor.accessMainPhase(TestCaseExecutor.java:301)
	at com.kms.katalon.core.main.TestCaseExecutor.execute(TestCaseExecutor.java:235)
	at com.kms.katalon.core.main.TestSuiteExecutor.accessTestCaseMainPhase(TestSuiteExecutor.java:191)
	at com.kms.katalon.core.main.TestSuiteExecutor.accessTestSuiteMainPhase(TestSuiteExecutor.java:141)
	at com.kms.katalon.core.main.TestSuiteExecutor.execute(TestSuiteExecutor.java:90)
	at com.kms.katalon.core.main.TestCaseMain.startTestSuite(TestCaseMain.java:157)
	at com.kms.katalon.core.main.TestCaseMain$startTestSuite$0.call(Unknown Source)
	at TempTestSuite1596022555331.run(TempTestSuite1596022555331.groovy:39)
)
[[ATTACHMENT|C:\\Users\\adamz\\git\\seleniumeasy-katalon\\Reports\\20200729_133555\\SimpleForm\\20200729_133555\\1596022663765.png]]

2020-07-29 13:37:44 - [MESSAGE][FAILED] - Verify element text of test object 'Object Repository/SimpleFormDemoPage/resultNumber' FAILED. (Root cause: com.kms.katalon.core.exception.StepFailedException: Verify element text of test object 'Object Repository/SimpleFormDemoPage/resultNumber' FAILED.
	at com.kms.katalon.core.webui.keyword.internal.WebUIKeywordMain.stepFailed(WebUIKeywordMain.groovy:64)
	at com.kms.katalon.core.webui.keyword.internal.WebUIKeywordMain.runKeyword(WebUIKeywordMain.groovy:26)
	at com.kms.katalon.core.webui.keyword.builtin.VerifyElementTextKeyword.verifyElementText(VerifyElementTextKeyword.groovy:72)
	at com.kms.katalon.core.webui.keyword.builtin.VerifyElementTextKeyword.execute(VerifyElementTextKeyword.groovy:40)
	at com.kms.katalon.core.keyword.internal.KeywordExecutor.executeKeywordForPlatform(KeywordExecutor.groovy:73)
	at com.kms.katalon.core.webui.keyword.WebUiBuiltInKeywords.verifyElementText(WebUiBuiltInKeywords.groovy:3689)
	at com.kms.katalon.core.webui.keyword.WebUiBuiltInKeywords$verifyElementText$4.call(Unknown Source)
	at numberInputSimpleForm.run(numberInputSimpleForm:35)
	at com.kms.katalon.core.main.ScriptEngine.run(ScriptEngine.java:194)
	at com.kms.katalon.core.main.ScriptEngine.runScriptAsRawText(ScriptEngine.java:119)
	at com.kms.katalon.core.main.TestCaseExecutor.runScript(TestCaseExecutor.java:339)
	at com.kms.katalon.core.main.TestCaseExecutor.doExecute(TestCaseExecutor.java:330)
	at com.kms.katalon.core.main.TestCaseExecutor.processExecutionPhase(TestCaseExecutor.java:309)
	at com.kms.katalon.core.main.TestCaseExecutor.accessMainPhase(TestCaseExecutor.java:301)
	at com.kms.katalon.core.main.TestCaseExecutor.execute(TestCaseExecutor.java:235)
	at com.kms.katalon.core.main.TestSuiteExecutor.accessTestCaseMainPhase(TestSuiteExecutor.java:191)
	at com.kms.katalon.core.main.TestSuiteExecutor.accessTestSuiteMainPhase(TestSuiteExecutor.java:141)
	at com.kms.katalon.core.main.TestSuiteExecutor.execute(TestSuiteExecutor.java:90)
	at com.kms.katalon.core.main.TestCaseMain.startTestSuite(TestCaseMain.java:157)
	at com.kms.katalon.core.main.TestCaseMain$startTestSuite$0.call(Unknown Source)
	at TempTestSuite1596022555331.run(TempTestSuite1596022555331.groovy:39)
Caused by: com.kms.katalon.core.exception.StepFailedException: Actual text '110000000000000000000' and expected text '200000000000000000000' of test object 'Object Repository/SimpleFormDemoPage/resultNumber' are NOT matched.
	at com.kms.katalon.core.webui.keyword.internal.WebUIKeywordMain.stepFailed(WebUIKeywordMain.groovy:64)
	at com.kms.katalon.core.webui.keyword.builtin.VerifyElementTextKeyword$_verifyElementText_closure1.doCall(VerifyElementTextKeyword.groovy:57)
	at com.kms.katalon.core.webui.keyword.builtin.VerifyElementTextKeyword$_verifyElementText_closure1.call(VerifyElementTextKeyword.groovy)
	at com.kms.katalon.core.webui.keyword.internal.WebUIKeywordMain.runKeyword(WebUIKeywordMain.groovy:20)
	... 19 more
)
[[ATTACHMENT|C:\\Users\\adamz\\git\\seleniumeasy-katalon\\Reports\\20200729_133555\\SimpleForm\\20200729_133555\\1596022664135.png]]]]></system-out>
         <system-err><![CDATA[2020-07-29 13:37:31 - [TEST_CASE][FAILED] - Test Cases/SimpleForm/numberInputSimpleForm: Test Cases/SimpleForm/numberInputSimpleForm FAILED.
Reason:
com.kms.katalon.core.exception.StepFailedException: Verify element text of test object 'Object Repository/SimpleFormDemoPage/resultNumber' FAILED.
	at com.kms.katalon.core.webui.keyword.internal.WebUIKeywordMain.stepFailed(WebUIKeywordMain.groovy:64)
	at com.kms.katalon.core.webui.keyword.internal.WebUIKeywordMain.runKeyword(WebUIKeywordMain.groovy:26)
	at com.kms.katalon.core.webui.keyword.builtin.VerifyElementTextKeyword.verifyElementText(VerifyElementTextKeyword.groovy:72)
	at com.kms.katalon.core.webui.keyword.builtin.VerifyElementTextKeyword.execute(VerifyElementTextKeyword.groovy:40)
	at com.kms.katalon.core.keyword.internal.KeywordExecutor.executeKeywordForPlatform(KeywordExecutor.groovy:73)
	at com.kms.katalon.core.webui.keyword.WebUiBuiltInKeywords.verifyElementText(WebUiBuiltInKeywords.groovy:3689)
	at com.kms.katalon.core.webui.keyword.WebUiBuiltInKeywords$verifyElementText$4.call(Unknown Source)
	at numberInputSimpleForm.run(numberInputSimpleForm:35)
	at com.kms.katalon.core.main.ScriptEngine.run(ScriptEngine.java:194)
	at com.kms.katalon.core.main.ScriptEngine.runScriptAsRawText(ScriptEngine.java:119)
	at com.kms.katalon.core.main.TestCaseExecutor.runScript(TestCaseExecutor.java:339)
	at com.kms.katalon.core.main.TestCaseExecutor.doExecute(TestCaseExecutor.java:330)
	at com.kms.katalon.core.main.TestCaseExecutor.processExecutionPhase(TestCaseExecutor.java:309)
	at com.kms.katalon.core.main.TestCaseExecutor.accessMainPhase(TestCaseExecutor.java:301)
	at com.kms.katalon.core.main.TestCaseExecutor.execute(TestCaseExecutor.java:235)
	at com.kms.katalon.core.main.TestSuiteExecutor.accessTestCaseMainPhase(TestSuiteExecutor.java:191)
	at com.kms.katalon.core.main.TestSuiteExecutor.accessTestSuiteMainPhase(TestSuiteExecutor.java:141)
	at com.kms.katalon.core.main.TestSuiteExecutor.execute(TestSuiteExecutor.java:90)
	at com.kms.katalon.core.main.TestCaseMain.startTestSuite(TestCaseMain.java:157)
	at com.kms.katalon.core.main.TestCaseMain$startTestSuite$0.call(Unknown Source)
	at TempTestSuite1596022555331.run(TempTestSuite1596022555331.groovy:39)
Caused by: com.kms.katalon.core.exception.StepFailedException: Actual text '110000000000000000000' and expected text '200000000000000000000' of test object 'Object Repository/SimpleFormDemoPage/resultNumber' are NOT matched.
	at com.kms.katalon.core.webui.keyword.internal.WebUIKeywordMain.stepFailed(WebUIKeywordMain.groovy:64)
	at com.kms.katalon.core.webui.keyword.builtin.VerifyElementTextKeyword$_verifyElementText_closure1.doCall(VerifyElementTextKeyword.groovy:57)
	at com.kms.katalon.core.webui.keyword.builtin.VerifyElementTextKeyword$_verifyElementText_closure1.call(VerifyElementTextKeyword.groovy)
	at com.kms.katalon.core.webui.keyword.internal.WebUIKeywordMain.runKeyword(WebUIKeywordMain.groovy:20)
	... 19 more]]></system-err>
      </testcase>
      <testcase name="Test Cases/SimpleForm/numberInputSimpleForm" time="13.628" classname="Test Cases/SimpleForm/numberInputSimpleForm" status="PASSED">
         <system-out><![CDATA[2020-07-29 13:37:44 - [TEST_CASE][PASSED] - Test Cases/SimpleForm/numberInputSimpleForm: Test Cases/SimpleForm/numberInputSimpleForm

2020-07-29 13:37:44 - [TEST_STEP][PASSED] - openBrowser(""): Browser is opened with url: ''

2020-07-29 13:37:44 - [MESSAGE][WARNING] - A browser is already opened. Closing browser and opening a new one

2020-07-29 13:37:45 - [MESSAGE][INFO] - Starting 'Chrome' driver

2020-07-29 13:37:45 - [MESSAGE][INFO] - Action delay is set to 0 milliseconds

2020-07-29 13:37:48 - [MESSAGE][PASSED] - Browser is opened with url: ''

2020-07-29 13:37:48 - [TEST_STEP][PASSED] - maximizeWindow(): Current window maximized

2020-07-29 13:37:50 - [MESSAGE][PASSED] - Current window maximized

2020-07-29 13:37:50 - [TEST_STEP][PASSED] - navigateToUrl("https://www.seleniumeasy.com/test/basic-first-form-demo.html"): Navigate to 'https://www.seleniumeasy.com/test/basic-first-form-demo.html' successfully

2020-07-29 13:37:53 - [MESSAGE][PASSED] - Navigate to 'https://www.seleniumeasy.com/test/basic-first-form-demo.html' successfully

2020-07-29 13:37:53 - [TEST_STEP][PASSED] - delay(2): Delayed 2 second(s)

2020-07-29 13:37:55 - [MESSAGE][PASSED] - Delayed 2 second(s)

2020-07-29 13:37:55 - [TEST_STEP][PASSED] - click(findTestObject("TestPage/popupCloseBtn")): Object: 'Object Repository/TestPage/popupCloseBtn' is clicked on

2020-07-29 13:37:55 - [MESSAGE][PASSED] - Object: 'Object Repository/TestPage/popupCloseBtn' is clicked on

2020-07-29 13:37:55 - [TEST_STEP][PASSED] - sendKeys(findTestObject("SimpleFormDemoPage/a_numberInputField"), numberA): Keys 'a' sent to object: 'Object Repository/SimpleFormDemoPage/a_numberInputField'

2020-07-29 13:37:56 - [MESSAGE][PASSED] - Keys 'a' sent to object: 'Object Repository/SimpleFormDemoPage/a_numberInputField'

2020-07-29 13:37:56 - [TEST_STEP][PASSED] - sendKeys(findTestObject("SimpleFormDemoPage/b_numberInputField"), numberB): Keys 'a' sent to object: 'Object Repository/SimpleFormDemoPage/b_numberInputField'

2020-07-29 13:37:56 - [MESSAGE][PASSED] - Keys 'a' sent to object: 'Object Repository/SimpleFormDemoPage/b_numberInputField'

2020-07-29 13:37:56 - [TEST_STEP][PASSED] - click(findTestObject("SimpleFormDemoPage/getTotalBtn")): Object: 'Object Repository/SimpleFormDemoPage/getTotalBtn' is clicked on

2020-07-29 13:37:57 - [MESSAGE][PASSED] - Object: 'Object Repository/SimpleFormDemoPage/getTotalBtn' is clicked on

2020-07-29 13:37:57 - [TEST_STEP][PASSED] - verifyElementText(findTestObject("SimpleFormDemoPage/resultNumber"), numberResult): Actual text and expected text of test object 'Object Repository/SimpleFormDemoPage/resultNumber' are matched.

2020-07-29 13:37:57 - [MESSAGE][PASSED] - Actual text and expected text of test object 'Object Repository/SimpleFormDemoPage/resultNumber' are matched.

2020-07-29 13:37:57 - [TEST_STEP][PASSED] - closeBrowser(): Browser is closed

2020-07-29 13:37:58 - [MESSAGE][PASSED] - Browser is closed]]></system-out>
         <system-err><![CDATA[]]></system-err>
      </testcase>
      <testcase name="Test Cases/SimpleForm/numberInputSimpleForm" time="12.993" classname="Test Cases/SimpleForm/numberInputSimpleForm" status="PASSED">
         <system-out><![CDATA[2020-07-29 13:37:58 - [TEST_CASE][PASSED] - Test Cases/SimpleForm/numberInputSimpleForm: Test Cases/SimpleForm/numberInputSimpleForm

2020-07-29 13:37:58 - [TEST_STEP][PASSED] - openBrowser(""): Browser is opened with url: ''

2020-07-29 13:37:58 - [MESSAGE][INFO] - Starting 'Chrome' driver

2020-07-29 13:37:58 - [MESSAGE][INFO] - Action delay is set to 0 milliseconds

2020-07-29 13:38:01 - [MESSAGE][PASSED] - Browser is opened with url: ''

2020-07-29 13:38:01 - [TEST_STEP][PASSED] - maximizeWindow(): Current window maximized

2020-07-29 13:38:03 - [MESSAGE][PASSED] - Current window maximized

2020-07-29 13:38:03 - [TEST_STEP][PASSED] - navigateToUrl("https://www.seleniumeasy.com/test/basic-first-form-demo.html"): Navigate to 'https://www.seleniumeasy.com/test/basic-first-form-demo.html' successfully

2020-07-29 13:38:06 - [MESSAGE][PASSED] - Navigate to 'https://www.seleniumeasy.com/test/basic-first-form-demo.html' successfully

2020-07-29 13:38:06 - [TEST_STEP][PASSED] - delay(2): Delayed 2 second(s)

2020-07-29 13:38:08 - [MESSAGE][PASSED] - Delayed 2 second(s)

2020-07-29 13:38:08 - [TEST_STEP][PASSED] - click(findTestObject("TestPage/popupCloseBtn")): Object: 'Object Repository/TestPage/popupCloseBtn' is clicked on

2020-07-29 13:38:08 - [MESSAGE][PASSED] - Object: 'Object Repository/TestPage/popupCloseBtn' is clicked on

2020-07-29 13:38:08 - [TEST_STEP][PASSED] - sendKeys(findTestObject("SimpleFormDemoPage/a_numberInputField"), numberA): Keys '10' sent to object: 'Object Repository/SimpleFormDemoPage/a_numberInputField'

2020-07-29 13:38:09 - [MESSAGE][PASSED] - Keys '10' sent to object: 'Object Repository/SimpleFormDemoPage/a_numberInputField'

2020-07-29 13:38:09 - [TEST_STEP][PASSED] - sendKeys(findTestObject("SimpleFormDemoPage/b_numberInputField"), numberB): Keys 'random' sent to object: 'Object Repository/SimpleFormDemoPage/b_numberInputField'

2020-07-29 13:38:09 - [MESSAGE][PASSED] - Keys 'random' sent to object: 'Object Repository/SimpleFormDemoPage/b_numberInputField'

2020-07-29 13:38:09 - [TEST_STEP][PASSED] - click(findTestObject("SimpleFormDemoPage/getTotalBtn")): Object: 'Object Repository/SimpleFormDemoPage/getTotalBtn' is clicked on

2020-07-29 13:38:10 - [MESSAGE][PASSED] - Object: 'Object Repository/SimpleFormDemoPage/getTotalBtn' is clicked on

2020-07-29 13:38:10 - [TEST_STEP][PASSED] - verifyElementText(findTestObject("SimpleFormDemoPage/resultNumber"), numberResult): Actual text and expected text of test object 'Object Repository/SimpleFormDemoPage/resultNumber' are matched.

2020-07-29 13:38:10 - [MESSAGE][PASSED] - Actual text and expected text of test object 'Object Repository/SimpleFormDemoPage/resultNumber' are matched.

2020-07-29 13:38:10 - [TEST_STEP][PASSED] - closeBrowser(): Browser is closed

2020-07-29 13:38:11 - [MESSAGE][PASSED] - Browser is closed]]></system-out>
         <system-err><![CDATA[]]></system-err>
      </testcase>
      <system-out><![CDATA[2020-07-29 13:35:57 - [TEST_SUITE][FAILED] - SimpleForm: Test Cases/SimpleForm/numberInputSimpleForm FAILED.
Reason:
com.kms.katalon.core.exception.StepFailedException: Verify element text of test object 'Object Repository/SimpleFormDemoPage/resultNumber' FAILED.
	at com.kms.katalon.core.webui.keyword.internal.WebUIKeywordMain.stepFailed(WebUIKeywordMain.groovy:64)
	at com.kms.katalon.core.webui.keyword.internal.WebUIKeywordMain.runKeyword(WebUIKeywordMain.groovy:26)
	at com.kms.katalon.core.webui.keyword.builtin.VerifyElementTextKeyword.verifyElementText(VerifyElementTextKeyword.groovy:72)
	at com.kms.katalon.core.webui.keyword.builtin.VerifyElementTextKeyword.execute(VerifyElementTextKeyword.groovy:40)
	at com.kms.katalon.core.keyword.internal.KeywordExecutor.executeKeywordForPlatform(KeywordExecutor.groovy:73)
	at com.kms.katalon.core.webui.keyword.WebUiBuiltInKeywords.verifyElementText(WebUiBuiltInKeywords.groovy:3689)
	at com.kms.katalon.core.webui.keyword.WebUiBuiltInKeywords$verifyElementText$4.call(Unknown Source)
	at numberInputSimpleForm.run(numberInputSimpleForm:35)
	at com.kms.katalon.core.main.ScriptEngine.run(ScriptEngine.java:194)
	at com.kms.katalon.core.main.ScriptEngine.runScriptAsRawText(ScriptEngine.java:119)
	at com.kms.katalon.core.main.TestCaseExecutor.runScript(TestCaseExecutor.java:339)
	at com.kms.katalon.core.main.TestCaseExecutor.doExecute(TestCaseExecutor.java:330)
	at com.kms.katalon.core.main.TestCaseExecutor.processExecutionPhase(TestCaseExecutor.java:309)
	at com.kms.katalon.core.main.TestCaseExecutor.accessMainPhase(TestCaseExecutor.java:301)
	at com.kms.katalon.core.main.TestCaseExecutor.execute(TestCaseExecutor.java:235)
	at com.kms.katalon.core.main.TestSuiteExecutor.accessTestCaseMainPhase(TestSuiteExecutor.java:191)
	at com.kms.katalon.core.main.TestSuiteExecutor.accessTestSuiteMainPhase(TestSuiteExecutor.java:141)
	at com.kms.katalon.core.main.TestSuiteExecutor.execute(TestSuiteExecutor.java:90)
	at com.kms.katalon.core.main.TestCaseMain.startTestSuite(TestCaseMain.java:157)
	at com.kms.katalon.core.main.TestCaseMain$startTestSuite$0.call(Unknown Source)
	at TempTestSuite1596022555331.run(TempTestSuite1596022555331.groovy:39)
Caused by: com.kms.katalon.core.exception.StepFailedException: Actual text '110000000000000000000' and expected text '200000000000000000000' of test object 'Object Repository/SimpleFormDemoPage/resultNumber' are NOT matched.
	at com.kms.katalon.core.webui.keyword.internal.WebUIKeywordMain.stepFailed(WebUIKeywordMain.groovy:64)
	at com.kms.katalon.core.webui.keyword.builtin.VerifyElementTextKeyword$_verifyElementText_closure1.doCall(VerifyElementTextKeyword.groovy:57)
	at com.kms.katalon.core.webui.keyword.builtin.VerifyElementTextKeyword$_verifyElementText_closure1.call(VerifyElementTextKeyword.groovy)
	at com.kms.katalon.core.webui.keyword.internal.WebUIKeywordMain.runKeyword(WebUIKeywordMain.groovy:20)
	... 19 more]]></system-out>
      <system-err><![CDATA[2020-07-29 13:35:57 - [TEST_SUITE][FAILED] - SimpleForm: Test Cases/SimpleForm/numberInputSimpleForm FAILED.
Reason:
com.kms.katalon.core.exception.StepFailedException: Verify element text of test object 'Object Repository/SimpleFormDemoPage/resultNumber' FAILED.
	at com.kms.katalon.core.webui.keyword.internal.WebUIKeywordMain.stepFailed(WebUIKeywordMain.groovy:64)
	at com.kms.katalon.core.webui.keyword.internal.WebUIKeywordMain.runKeyword(WebUIKeywordMain.groovy:26)
	at com.kms.katalon.core.webui.keyword.builtin.VerifyElementTextKeyword.verifyElementText(VerifyElementTextKeyword.groovy:72)
	at com.kms.katalon.core.webui.keyword.builtin.VerifyElementTextKeyword.execute(VerifyElementTextKeyword.groovy:40)
	at com.kms.katalon.core.keyword.internal.KeywordExecutor.executeKeywordForPlatform(KeywordExecutor.groovy:73)
	at com.kms.katalon.core.webui.keyword.WebUiBuiltInKeywords.verifyElementText(WebUiBuiltInKeywords.groovy:3689)
	at com.kms.katalon.core.webui.keyword.WebUiBuiltInKeywords$verifyElementText$4.call(Unknown Source)
	at numberInputSimpleForm.run(numberInputSimpleForm:35)
	at com.kms.katalon.core.main.ScriptEngine.run(ScriptEngine.java:194)
	at com.kms.katalon.core.main.ScriptEngine.runScriptAsRawText(ScriptEngine.java:119)
	at com.kms.katalon.core.main.TestCaseExecutor.runScript(TestCaseExecutor.java:339)
	at com.kms.katalon.core.main.TestCaseExecutor.doExecute(TestCaseExecutor.java:330)
	at com.kms.katalon.core.main.TestCaseExecutor.processExecutionPhase(TestCaseExecutor.java:309)
	at com.kms.katalon.core.main.TestCaseExecutor.accessMainPhase(TestCaseExecutor.java:301)
	at com.kms.katalon.core.main.TestCaseExecutor.execute(TestCaseExecutor.java:235)
	at com.kms.katalon.core.main.TestSuiteExecutor.accessTestCaseMainPhase(TestSuiteExecutor.java:191)
	at com.kms.katalon.core.main.TestSuiteExecutor.accessTestSuiteMainPhase(TestSuiteExecutor.java:141)
	at com.kms.katalon.core.main.TestSuiteExecutor.execute(TestSuiteExecutor.java:90)
	at com.kms.katalon.core.main.TestCaseMain.startTestSuite(TestCaseMain.java:157)
	at com.kms.katalon.core.main.TestCaseMain$startTestSuite$0.call(Unknown Source)
	at TempTestSuite1596022555331.run(TempTestSuite1596022555331.groovy:39)
Caused by: com.kms.katalon.core.exception.StepFailedException: Actual text '110000000000000000000' and expected text '200000000000000000000' of test object 'Object Repository/SimpleFormDemoPage/resultNumber' are NOT matched.
	at com.kms.katalon.core.webui.keyword.internal.WebUIKeywordMain.stepFailed(WebUIKeywordMain.groovy:64)
	at com.kms.katalon.core.webui.keyword.builtin.VerifyElementTextKeyword$_verifyElementText_closure1.doCall(VerifyElementTextKeyword.groovy:57)
	at com.kms.katalon.core.webui.keyword.builtin.VerifyElementTextKeyword$_verifyElementText_closure1.call(VerifyElementTextKeyword.groovy)
	at com.kms.katalon.core.webui.keyword.internal.WebUIKeywordMain.runKeyword(WebUIKeywordMain.groovy:20)
	... 19 more]]></system-err>
   </testsuite>
</testsuites>
