<?xml version="1.0" encoding="UTF-8"?>
<testsuites name="Navigation" time="104.682" tests="7" failures="1" errors="0">
   <testsuite name="Navigation" tests="7" failures="1" errors="0" time="104.682" timestamp="2020-07-28 14:19:28" hostname="adamz - DESKTOP-9O3DKQB" id="Test Suites/Navigation">
      <properties>
         <property name="deviceName" value=""/>
         <property name="devicePlatform" value=""/>
         <property name="logFolder" value="C:\\Users\\adamz\\git\\seleniumeasy-katalon\\Reports\\20200728_141926\\Navigation\\20200728_141926"/>
         <property name="logFiles" value="C:\\Users\\adamz\\git\\seleniumeasy-katalon\\Reports\\20200728_141926\\Navigation\\20200728_141926\\execution0.log"/>
         <property name="attachments" value="C:\\Users\\adamz\\git\\seleniumeasy-katalon\\Reports\\20200728_141926\\Navigation\\20200728_141926\\1595938871371.png"/>
         <property name="hostName" value="adamz - DESKTOP-9O3DKQB"/>
         <property name="os" value="Windows 10 64bit"/>
         <property name="katalonVersion" value="7.6.2.205"/>
         <property name="browser" value="Chrome 84.0.4147.89"/>
         <property name="hostAddress" value="10.202.0.2"/>
         <property name="sessionId" value="90c8d2fc5d65f7244f8a91f10e639d81"/>
         <property name="seleniumVersion" value="3.141.59"/>
         <property name="proxyInformation" value="ProxyInformation { proxyOption=NO_PROXY, proxyServerType=HTTP, username=, password=********, proxyServerAddress=, proxyServerPort=0, executionList=\&quot;\&quot;, isApplyToDesiredCapabilities=true }"/>
         <property name="platform" value="Windows 10"/>
      </properties>
      <testcase name="Test Cases/NavigateToSimpleFormDemoPage" time="16.23" classname="Test Cases/NavigateToSimpleFormDemoPage" status="PASSED">
         <system-out><![CDATA[2020-07-28 14:19:28 - [TEST_CASE][PASSED] - Test Cases/NavigateToSimpleFormDemoPage: Test Cases/NavigateToSimpleFormDemoPage

2020-07-28 14:19:28 - [TEST_STEP][PASSED] - openBrowser(""): Browser is opened with url: ''

2020-07-28 14:19:28 - [MESSAGE][INFO] - Starting 'Chrome' driver

2020-07-28 14:19:28 - [MESSAGE][INFO] - Action delay is set to 0 milliseconds

2020-07-28 14:19:33 - [MESSAGE][PASSED] - Browser is opened with url: ''

2020-07-28 14:19:33 - [TEST_STEP][PASSED] - maximizeWindow(): Current window maximized

2020-07-28 14:19:35 - [MESSAGE][PASSED] - Current window maximized

2020-07-28 14:19:35 - [TEST_STEP][PASSED] - navigateToUrl("https://www.seleniumeasy.com/test/"): Navigate to 'https://www.seleniumeasy.com/test/' successfully

2020-07-28 14:19:38 - [MESSAGE][PASSED] - Navigate to 'https://www.seleniumeasy.com/test/' successfully

2020-07-28 14:19:38 - [TEST_STEP][PASSED] - delay(2): Delayed 2 second(s)

2020-07-28 14:19:40 - [MESSAGE][PASSED] - Delayed 2 second(s)

2020-07-28 14:19:40 - [TEST_STEP][PASSED] - click(findTestObject("Object Repository/TestPage/popupCloseBtn")): Object: 'Object Repository/TestPage/popupCloseBtn' is clicked on

2020-07-28 14:19:41 - [MESSAGE][PASSED] - Object: 'Object Repository/TestPage/popupCloseBtn' is clicked on

2020-07-28 14:19:41 - [TEST_STEP][PASSED] - click(findTestObject("Object Repository/TestPage/inputFormsMenu")): Object: 'Object Repository/TestPage/inputFormsMenu' is clicked on

2020-07-28 14:19:42 - [MESSAGE][PASSED] - Object: 'Object Repository/TestPage/inputFormsMenu' is clicked on

2020-07-28 14:19:42 - [TEST_STEP][PASSED] - click(findTestObject("Object Repository/TestPage/simpleFormDemoOpt")): Object: 'Object Repository/TestPage/simpleFormDemoOpt' is clicked on

2020-07-28 14:19:43 - [MESSAGE][PASSED] - Object: 'Object Repository/TestPage/simpleFormDemoOpt' is clicked on

2020-07-28 14:19:43 - [TEST_STEP][PASSED] - verifyElementPresent(findTestObject("SimpleFormDemoPage/simpleFormDemoPageHeader"), 0): Object 'Object Repository/SimpleFormDemoPage/simpleFormDemoPageHeader' is present

2020-07-28 14:19:43 - [MESSAGE][WARNING] - Timeout '0' is invalid. Using default page load timeout: '30'

2020-07-28 14:19:43 - [MESSAGE][PASSED] - Object 'Object Repository/SimpleFormDemoPage/simpleFormDemoPageHeader' is present

2020-07-28 14:19:43 - [TEST_STEP][PASSED] - closeBrowser(): Browser is closed

2020-07-28 14:19:44 - [MESSAGE][PASSED] - Browser is closed]]></system-out>
         <system-err><![CDATA[]]></system-err>
      </testcase>
      <testcase name="Test Cases/NavigateToCheckboxDemoPage" time="14.931" classname="Test Cases/NavigateToCheckboxDemoPage" status="PASSED">
         <system-out><![CDATA[2020-07-28 14:19:44 - [TEST_CASE][PASSED] - Test Cases/NavigateToCheckboxDemoPage: Test Cases/NavigateToCheckboxDemoPage

2020-07-28 14:19:44 - [TEST_STEP][PASSED] - openBrowser(""): Browser is opened with url: ''

2020-07-28 14:19:44 - [MESSAGE][INFO] - Starting 'Chrome' driver

2020-07-28 14:19:44 - [MESSAGE][INFO] - Action delay is set to 0 milliseconds

2020-07-28 14:19:47 - [MESSAGE][PASSED] - Browser is opened with url: ''

2020-07-28 14:19:47 - [TEST_STEP][PASSED] - maximizeWindow(): Current window maximized

2020-07-28 14:19:49 - [MESSAGE][PASSED] - Current window maximized

2020-07-28 14:19:49 - [TEST_STEP][PASSED] - navigateToUrl("https://seleniumeasy.com/test"): Navigate to 'https://seleniumeasy.com/test' successfully

2020-07-28 14:19:54 - [MESSAGE][PASSED] - Navigate to 'https://seleniumeasy.com/test' successfully

2020-07-28 14:19:54 - [TEST_STEP][PASSED] - delay(2): Delayed 2 second(s)

2020-07-28 14:19:56 - [MESSAGE][PASSED] - Delayed 2 second(s)

2020-07-28 14:19:56 - [TEST_STEP][PASSED] - click(findTestObject("TestPage/popupCloseBtn")): Object: 'Object Repository/TestPage/popupCloseBtn' is clicked on

2020-07-28 14:19:56 - [MESSAGE][PASSED] - Object: 'Object Repository/TestPage/popupCloseBtn' is clicked on

2020-07-28 14:19:56 - [TEST_STEP][PASSED] - click(findTestObject("TestPage/inputFormsMenu")): Object: 'Object Repository/TestPage/inputFormsMenu' is clicked on

2020-07-28 14:19:57 - [MESSAGE][PASSED] - Object: 'Object Repository/TestPage/inputFormsMenu' is clicked on

2020-07-28 14:19:57 - [TEST_STEP][PASSED] - click(findTestObject("TestPage/checkboxDemoOpt")): Object: 'Object Repository/TestPage/checkboxDemoOpt' is clicked on

2020-07-28 14:19:58 - [MESSAGE][PASSED] - Object: 'Object Repository/TestPage/checkboxDemoOpt' is clicked on

2020-07-28 14:19:58 - [TEST_STEP][PASSED] - verifyElementPresent(findTestObject("CheckboxDemoPage/checkboxDemoHeader"), 0): Object 'Object Repository/CheckboxDemoPage/checkboxDemoHeader' is present

2020-07-28 14:19:58 - [MESSAGE][WARNING] - Timeout '0' is invalid. Using default page load timeout: '30'

2020-07-28 14:19:58 - [MESSAGE][PASSED] - Object 'Object Repository/CheckboxDemoPage/checkboxDemoHeader' is present

2020-07-28 14:19:58 - [TEST_STEP][PASSED] - closeBrowser(): Browser is closed

2020-07-28 14:19:59 - [MESSAGE][PASSED] - Browser is closed]]></system-out>
         <system-err><![CDATA[]]></system-err>
      </testcase>
      <testcase name="Test Cases/NavigateToRadioButtonsDemoPage" time="15.626" classname="Test Cases/NavigateToRadioButtonsDemoPage" status="PASSED">
         <system-out><![CDATA[2020-07-28 14:19:59 - [TEST_CASE][PASSED] - Test Cases/NavigateToRadioButtonsDemoPage: Test Cases/NavigateToRadioButtonsDemoPage

2020-07-28 14:19:59 - [TEST_STEP][PASSED] - openBrowser(""): Browser is opened with url: ''

2020-07-28 14:19:59 - [MESSAGE][INFO] - Starting 'Chrome' driver

2020-07-28 14:19:59 - [MESSAGE][INFO] - Action delay is set to 0 milliseconds

2020-07-28 14:20:02 - [MESSAGE][PASSED] - Browser is opened with url: ''

2020-07-28 14:20:02 - [TEST_STEP][PASSED] - maximizeWindow(): Current window maximized

2020-07-28 14:20:04 - [MESSAGE][PASSED] - Current window maximized

2020-07-28 14:20:04 - [TEST_STEP][PASSED] - navigateToUrl("https://seleniumeasy.com/test"): Navigate to 'https://seleniumeasy.com/test' successfully

2020-07-28 14:20:09 - [MESSAGE][PASSED] - Navigate to 'https://seleniumeasy.com/test' successfully

2020-07-28 14:20:09 - [TEST_STEP][PASSED] - delay(2): Delayed 2 second(s)

2020-07-28 14:20:11 - [MESSAGE][PASSED] - Delayed 2 second(s)

2020-07-28 14:20:11 - [TEST_STEP][PASSED] - click(findTestObject("TestPage/popupCloseBtn")): Object: 'Object Repository/TestPage/popupCloseBtn' is clicked on

2020-07-28 14:20:12 - [MESSAGE][PASSED] - Object: 'Object Repository/TestPage/popupCloseBtn' is clicked on

2020-07-28 14:20:12 - [TEST_STEP][PASSED] - click(findTestObject("TestPage/inputFormsMenu")): Object: 'Object Repository/TestPage/inputFormsMenu' is clicked on

2020-07-28 14:20:12 - [MESSAGE][PASSED] - Object: 'Object Repository/TestPage/inputFormsMenu' is clicked on

2020-07-28 14:20:12 - [TEST_STEP][PASSED] - click(findTestObject("TestPage/radioButtonsDemoOpt")): Object: 'Object Repository/TestPage/radioButtonsDemoOpt' is clicked on

2020-07-28 14:20:14 - [MESSAGE][PASSED] - Object: 'Object Repository/TestPage/radioButtonsDemoOpt' is clicked on

2020-07-28 14:20:14 - [TEST_STEP][PASSED] - verifyElementText(findTestObject("RadioButtonsDemoPage/RadioButtonsPageHeader"), "This is again simple example to start working with radio buttons using Selenium."): Actual text and expected text of test object 'Object Repository/RadioButtonsDemoPage/RadioButtonsPageHeader' are matched.

2020-07-28 14:20:14 - [MESSAGE][PASSED] - Actual text and expected text of test object 'Object Repository/RadioButtonsDemoPage/RadioButtonsPageHeader' are matched.

2020-07-28 14:20:14 - [TEST_STEP][PASSED] - closeBrowser(): Browser is closed

2020-07-28 14:20:15 - [MESSAGE][PASSED] - Browser is closed]]></system-out>
         <system-err><![CDATA[]]></system-err>
      </testcase>
      <testcase name="Test Cases/NavigateToSelectDropdownListPage" time="15.106" classname="Test Cases/NavigateToSelectDropdownListPage" status="PASSED">
         <system-out><![CDATA[2020-07-28 14:20:15 - [TEST_CASE][PASSED] - Test Cases/NavigateToSelectDropdownListPage: Test Cases/NavigateToSelectDropdownListPage

2020-07-28 14:20:15 - [TEST_STEP][PASSED] - openBrowser(""): Browser is opened with url: ''

2020-07-28 14:20:15 - [MESSAGE][INFO] - Starting 'Chrome' driver

2020-07-28 14:20:15 - [MESSAGE][INFO] - Action delay is set to 0 milliseconds

2020-07-28 14:20:18 - [MESSAGE][PASSED] - Browser is opened with url: ''

2020-07-28 14:20:18 - [TEST_STEP][PASSED] - maximizeWindow(): Current window maximized

2020-07-28 14:20:20 - [MESSAGE][PASSED] - Current window maximized

2020-07-28 14:20:20 - [TEST_STEP][PASSED] - navigateToUrl("https://seleniumeasy.com/test"): Navigate to 'https://seleniumeasy.com/test' successfully

2020-07-28 14:20:24 - [MESSAGE][PASSED] - Navigate to 'https://seleniumeasy.com/test' successfully

2020-07-28 14:20:24 - [TEST_STEP][PASSED] - delay(2): Delayed 2 second(s)

2020-07-28 14:20:26 - [MESSAGE][PASSED] - Delayed 2 second(s)

2020-07-28 14:20:26 - [TEST_STEP][PASSED] - click(findTestObject("TestPage/popupCloseBtn")): Object: 'Object Repository/TestPage/popupCloseBtn' is clicked on

2020-07-28 14:20:27 - [MESSAGE][PASSED] - Object: 'Object Repository/TestPage/popupCloseBtn' is clicked on

2020-07-28 14:20:27 - [TEST_STEP][PASSED] - click(findTestObject("TestPage/inputFormsMenu")): Object: 'Object Repository/TestPage/inputFormsMenu' is clicked on

2020-07-28 14:20:27 - [MESSAGE][PASSED] - Object: 'Object Repository/TestPage/inputFormsMenu' is clicked on

2020-07-28 14:20:27 - [TEST_STEP][PASSED] - click(findTestObject("TestPage/selectDropdownListOpt")): Object: 'Object Repository/TestPage/selectDropdownListOpt' is clicked on

2020-07-28 14:20:29 - [MESSAGE][PASSED] - Object: 'Object Repository/TestPage/selectDropdownListOpt' is clicked on

2020-07-28 14:20:29 - [TEST_STEP][PASSED] - verifyElementText(findTestObject("SelectDropdownListPage/selectDropdownListPageHeader"), "This would be your first example on select dropd down list to with Selenium."): Actual text and expected text of test object 'Object Repository/SelectDropdownListPage/selectDropdownListPageHeader' are matched.

2020-07-28 14:20:29 - [MESSAGE][PASSED] - Actual text and expected text of test object 'Object Repository/SelectDropdownListPage/selectDropdownListPageHeader' are matched.

2020-07-28 14:20:29 - [TEST_STEP][PASSED] - closeBrowser(): Browser is closed

2020-07-28 14:20:30 - [MESSAGE][PASSED] - Browser is closed]]></system-out>
         <system-err><![CDATA[]]></system-err>
      </testcase>
      <testcase name="Test Cases/NavigateToInputFormSubmitPage" time="14.924" classname="Test Cases/NavigateToInputFormSubmitPage" status="PASSED">
         <system-out><![CDATA[2020-07-28 14:20:30 - [TEST_CASE][PASSED] - Test Cases/NavigateToInputFormSubmitPage: Test Cases/NavigateToInputFormSubmitPage

2020-07-28 14:20:30 - [TEST_STEP][PASSED] - openBrowser(""): Browser is opened with url: ''

2020-07-28 14:20:30 - [MESSAGE][INFO] - Starting 'Chrome' driver

2020-07-28 14:20:30 - [MESSAGE][INFO] - Action delay is set to 0 milliseconds

2020-07-28 14:20:33 - [MESSAGE][PASSED] - Browser is opened with url: ''

2020-07-28 14:20:33 - [TEST_STEP][PASSED] - maximizeWindow(): Current window maximized

2020-07-28 14:20:35 - [MESSAGE][PASSED] - Current window maximized

2020-07-28 14:20:35 - [TEST_STEP][PASSED] - navigateToUrl("https://seleniumeasy.com/test"): Navigate to 'https://seleniumeasy.com/test' successfully

2020-07-28 14:20:39 - [MESSAGE][PASSED] - Navigate to 'https://seleniumeasy.com/test' successfully

2020-07-28 14:20:39 - [TEST_STEP][PASSED] - delay(2): Delayed 2 second(s)

2020-07-28 14:20:41 - [MESSAGE][PASSED] - Delayed 2 second(s)

2020-07-28 14:20:41 - [TEST_STEP][PASSED] - click(findTestObject("TestPage/popupCloseBtn")): Object: 'Object Repository/TestPage/popupCloseBtn' is clicked on

2020-07-28 14:20:42 - [MESSAGE][PASSED] - Object: 'Object Repository/TestPage/popupCloseBtn' is clicked on

2020-07-28 14:20:42 - [TEST_STEP][PASSED] - click(findTestObject("TestPage/inputFormsMenu")): Object: 'Object Repository/TestPage/inputFormsMenu' is clicked on

2020-07-28 14:20:42 - [MESSAGE][PASSED] - Object: 'Object Repository/TestPage/inputFormsMenu' is clicked on

2020-07-28 14:20:42 - [TEST_STEP][PASSED] - click(findTestObject("TestPage/inputFormSubmitOpt")): Object: 'Object Repository/TestPage/inputFormSubmitOpt' is clicked on

2020-07-28 14:20:44 - [MESSAGE][PASSED] - Object: 'Object Repository/TestPage/inputFormSubmitOpt' is clicked on

2020-07-28 14:20:44 - [TEST_STEP][PASSED] - verifyElementText(findTestObject("ImputFormSubmitPage/inputFormSumbitPageHeader"), "Input form with validations"): Actual text and expected text of test object 'Object Repository/ImputFormSubmitPage/inputFormSumbitPageHeader' are matched.

2020-07-28 14:20:44 - [MESSAGE][PASSED] - Actual text and expected text of test object 'Object Repository/ImputFormSubmitPage/inputFormSumbitPageHeader' are matched.

2020-07-28 14:20:44 - [TEST_STEP][PASSED] - closeBrowser(): Browser is closed

2020-07-28 14:20:45 - [MESSAGE][PASSED] - Browser is closed]]></system-out>
         <system-err><![CDATA[]]></system-err>
      </testcase>
      <testcase name="Test Cases/NavigateToAjaxFormSumbitPage" time="14.701" classname="Test Cases/NavigateToAjaxFormSumbitPage" status="PASSED">
         <system-out><![CDATA[2020-07-28 14:20:45 - [TEST_CASE][PASSED] - Test Cases/NavigateToAjaxFormSumbitPage: Test Cases/NavigateToAjaxFormSumbitPage

2020-07-28 14:20:45 - [TEST_STEP][PASSED] - openBrowser(""): Browser is opened with url: ''

2020-07-28 14:20:45 - [MESSAGE][INFO] - Starting 'Chrome' driver

2020-07-28 14:20:45 - [MESSAGE][INFO] - Action delay is set to 0 milliseconds

2020-07-28 14:20:48 - [MESSAGE][PASSED] - Browser is opened with url: ''

2020-07-28 14:20:48 - [TEST_STEP][PASSED] - maximizeWindow(): Current window maximized

2020-07-28 14:20:50 - [MESSAGE][PASSED] - Current window maximized

2020-07-28 14:20:50 - [TEST_STEP][PASSED] - navigateToUrl("https://seleniumeasy.com/test"): Navigate to 'https://seleniumeasy.com/test' successfully

2020-07-28 14:20:54 - [MESSAGE][PASSED] - Navigate to 'https://seleniumeasy.com/test' successfully

2020-07-28 14:20:54 - [TEST_STEP][PASSED] - delay(2): Delayed 2 second(s)

2020-07-28 14:20:56 - [MESSAGE][PASSED] - Delayed 2 second(s)

2020-07-28 14:20:56 - [TEST_STEP][PASSED] - click(findTestObject("TestPage/popupCloseBtn")): Object: 'Object Repository/TestPage/popupCloseBtn' is clicked on

2020-07-28 14:20:57 - [MESSAGE][PASSED] - Object: 'Object Repository/TestPage/popupCloseBtn' is clicked on

2020-07-28 14:20:57 - [TEST_STEP][PASSED] - click(findTestObject("TestPage/inputFormsMenu")): Object: 'Object Repository/TestPage/inputFormsMenu' is clicked on

2020-07-28 14:20:57 - [MESSAGE][PASSED] - Object: 'Object Repository/TestPage/inputFormsMenu' is clicked on

2020-07-28 14:20:57 - [TEST_STEP][PASSED] - click(findTestObject("TestPage/ajaxFormSubmitOpt")): Object: 'Object Repository/TestPage/ajaxFormSubmitOpt' is clicked on

2020-07-28 14:20:58 - [MESSAGE][PASSED] - Object: 'Object Repository/TestPage/ajaxFormSubmitOpt' is clicked on

2020-07-28 14:20:58 - [TEST_STEP][PASSED] - verifyElementVisible(findTestObject("AjaxFormSubmitPage/ajaxFormSubmitPageHeader")): Object 'Object Repository/AjaxFormSubmitPage/ajaxFormSubmitPageHeader' is visible

2020-07-28 14:20:59 - [MESSAGE][PASSED] - Object 'Object Repository/AjaxFormSubmitPage/ajaxFormSubmitPageHeader' is visible

2020-07-28 14:20:59 - [TEST_STEP][PASSED] - closeBrowser(): Browser is closed

2020-07-28 14:20:59 - [MESSAGE][PASSED] - Browser is closed]]></system-out>
         <system-err><![CDATA[]]></system-err>
      </testcase>
      <testcase name="Test Cases/NavigateToJQuerySelectDropdownPage" time="12.149" classname="Test Cases/NavigateToJQuerySelectDropdownPage" status="FAILED">
         <failure type="FAILED" message="Test Cases/NavigateToJQuerySelectDropdownPage FAILED.
Reason:
com.kms.katalon.core.exception.StepFailedException: Unable to click on object 'Object Repository/TestPage/popupCloseBtn'
	at com.kms.katalon.core.webui.keyword.internal.WebUIKeywordMain.stepFailed(WebUIKeywordMain.groovy:64)
	at com.kms.katalon.core.webui.keyword.internal.WebUIKeywordMain.runKeyword(WebUIKeywordMain.groovy:26)
	at com.kms.katalon.core.webui.keyword.builtin.ClickKeyword.click(ClickKeyword.groovy:76)
	at com.kms.katalon.core.webui.keyword.builtin.ClickKeyword.execute(ClickKeyword.groovy:43)
	at com.kms.katalon.core.keyword.internal.KeywordExecutor.executeKeywordForPlatform(KeywordExecutor.groovy:73)
	at com.kms.katalon.core.webui.keyword.WebUiBuiltInKeywords.click(WebUiBuiltInKeywords.groovy:616)
	at com.kms.katalon.core.webui.keyword.WebUiBuiltInKeywords$click$2.call(Unknown Source)
	at NavigateToJQuerySelectDropdownPage.run(NavigateToJQuerySelectDropdownPage:27)
	at com.kms.katalon.core.main.ScriptEngine.run(ScriptEngine.java:194)
	at com.kms.katalon.core.main.ScriptEngine.runScriptAsRawText(ScriptEngine.java:119)
	at com.kms.katalon.core.main.TestCaseExecutor.runScript(TestCaseExecutor.java:339)
	at com.kms.katalon.core.main.TestCaseExecutor.doExecute(TestCaseExecutor.java:330)
	at com.kms.katalon.core.main.TestCaseExecutor.processExecutionPhase(TestCaseExecutor.java:309)
	at com.kms.katalon.core.main.TestCaseExecutor.accessMainPhase(TestCaseExecutor.java:301)
	at com.kms.katalon.core.main.TestCaseExecutor.execute(TestCaseExecutor.java:235)
	at com.kms.katalon.core.main.TestSuiteExecutor.accessTestCaseMainPhase(TestSuiteExecutor.java:191)
	at com.kms.katalon.core.main.TestSuiteExecutor.accessTestSuiteMainPhase(TestSuiteExecutor.java:141)
	at com.kms.katalon.core.main.TestSuiteExecutor.execute(TestSuiteExecutor.java:90)
	at com.kms.katalon.core.main.TestCaseMain.startTestSuite(TestCaseMain.java:157)
	at com.kms.katalon.core.main.TestCaseMain$startTestSuite$0.call(Unknown Source)
	at TempTestSuite1595938766287.run(TempTestSuite1595938766287.groovy:39)
Caused by: org.openqa.selenium.ElementNotInteractableException: element not interactable
  (Session info: chrome=84.0.4147.89)
Build info: version: '3.141.59', revision: 'e82be7d358', time: '2018-11-14T08:25:53'
System info: host: 'DESKTOP-9O3DKQB', ip: '10.202.0.2', os.name: 'Windows 10', os.arch: 'amd64', os.version: '10.0', java.version: '1.8.0_181'
Driver info: com.kms.katalon.selenium.driver.CChromeDriver
Capabilities {acceptInsecureCerts: false, browserName: chrome, browserVersion: 84.0.4147.89, chrome: {chromedriverVersion: 83.0.4103.39 (ccbf011cb2d2b..., userDataDir: C:\Users\adamz\AppData\Loca...}, goog:chromeOptions: {debuggerAddress: localhost:56358}, javascriptEnabled: true, networkConnectionEnabled: false, pageLoadStrategy: normal, platform: WINDOWS, platformName: WINDOWS, proxy: Proxy(), setWindowRect: true, strictFileInteractability: false, timeouts: {implicit: 0, pageLoad: 300000, script: 30000}, unhandledPromptBehavior: dismiss and notify, webauthn:virtualAuthenticators: true}
Session ID: 90c8d2fc5d65f7244f8a91f10e639d81
	at org.openqa.selenium.remote.http.W3CHttpResponseCodec.createException(W3CHttpResponseCodec.java:187)
	at org.openqa.selenium.remote.http.W3CHttpResponseCodec.decode(W3CHttpResponseCodec.java:122)
	at org.openqa.selenium.remote.http.W3CHttpResponseCodec.decode(W3CHttpResponseCodec.java:49)
	at org.openqa.selenium.remote.HttpCommandExecutor.execute(HttpCommandExecutor.java:158)
	at org.openqa.selenium.remote.service.DriverCommandExecutor.execute(DriverCommandExecutor.java:83)
	at org.openqa.selenium.remote.RemoteWebDriver.execute(RemoteWebDriver.java:552)
	at com.kms.katalon.selenium.driver.CChromeDriver.execute(CChromeDriver.java:19)
	at org.openqa.selenium.remote.RemoteWebElement.execute(RemoteWebElement.java:285)
	at org.openqa.selenium.remote.RemoteWebElement.click(RemoteWebElement.java:84)
	at org.openqa.selenium.support.events.EventFiringWebDriver$EventFiringWebElement.lambda$new$0(EventFiringWebDriver.java:404)
	at com.sun.proxy.$Proxy9.click(Unknown Source)
	at org.openqa.selenium.support.events.EventFiringWebDriver$EventFiringWebElement.click(EventFiringWebDriver.java:417)
	at com.kms.katalon.core.webui.keyword.builtin.ClickKeyword$_click_closure1.doCall(ClickKeyword.groovy:69)
	at com.kms.katalon.core.webui.keyword.builtin.ClickKeyword$_click_closure1.call(ClickKeyword.groovy)
	at com.kms.katalon.core.webui.keyword.internal.WebUIKeywordMain.runKeyword(WebUIKeywordMain.groovy:20)
	... 19 more
"/>
         <system-out><![CDATA[2020-07-28 14:20:59 - [TEST_CASE][FAILED] - Test Cases/NavigateToJQuerySelectDropdownPage: Test Cases/NavigateToJQuerySelectDropdownPage FAILED.
Reason:
com.kms.katalon.core.exception.StepFailedException: Unable to click on object 'Object Repository/TestPage/popupCloseBtn'
	at com.kms.katalon.core.webui.keyword.internal.WebUIKeywordMain.stepFailed(WebUIKeywordMain.groovy:64)
	at com.kms.katalon.core.webui.keyword.internal.WebUIKeywordMain.runKeyword(WebUIKeywordMain.groovy:26)
	at com.kms.katalon.core.webui.keyword.builtin.ClickKeyword.click(ClickKeyword.groovy:76)
	at com.kms.katalon.core.webui.keyword.builtin.ClickKeyword.execute(ClickKeyword.groovy:43)
	at com.kms.katalon.core.keyword.internal.KeywordExecutor.executeKeywordForPlatform(KeywordExecutor.groovy:73)
	at com.kms.katalon.core.webui.keyword.WebUiBuiltInKeywords.click(WebUiBuiltInKeywords.groovy:616)
	at com.kms.katalon.core.webui.keyword.WebUiBuiltInKeywords$click$2.call(Unknown Source)
	at NavigateToJQuerySelectDropdownPage.run(NavigateToJQuerySelectDropdownPage:27)
	at com.kms.katalon.core.main.ScriptEngine.run(ScriptEngine.java:194)
	at com.kms.katalon.core.main.ScriptEngine.runScriptAsRawText(ScriptEngine.java:119)
	at com.kms.katalon.core.main.TestCaseExecutor.runScript(TestCaseExecutor.java:339)
	at com.kms.katalon.core.main.TestCaseExecutor.doExecute(TestCaseExecutor.java:330)
	at com.kms.katalon.core.main.TestCaseExecutor.processExecutionPhase(TestCaseExecutor.java:309)
	at com.kms.katalon.core.main.TestCaseExecutor.accessMainPhase(TestCaseExecutor.java:301)
	at com.kms.katalon.core.main.TestCaseExecutor.execute(TestCaseExecutor.java:235)
	at com.kms.katalon.core.main.TestSuiteExecutor.accessTestCaseMainPhase(TestSuiteExecutor.java:191)
	at com.kms.katalon.core.main.TestSuiteExecutor.accessTestSuiteMainPhase(TestSuiteExecutor.java:141)
	at com.kms.katalon.core.main.TestSuiteExecutor.execute(TestSuiteExecutor.java:90)
	at com.kms.katalon.core.main.TestCaseMain.startTestSuite(TestCaseMain.java:157)
	at com.kms.katalon.core.main.TestCaseMain$startTestSuite$0.call(Unknown Source)
	at TempTestSuite1595938766287.run(TempTestSuite1595938766287.groovy:39)
Caused by: org.openqa.selenium.ElementNotInteractableException: element not interactable
  (Session info: chrome=84.0.4147.89)
Build info: version: '3.141.59', revision: 'e82be7d358', time: '2018-11-14T08:25:53'
System info: host: 'DESKTOP-9O3DKQB', ip: '10.202.0.2', os.name: 'Windows 10', os.arch: 'amd64', os.version: '10.0', java.version: '1.8.0_181'
Driver info: com.kms.katalon.selenium.driver.CChromeDriver
Capabilities {acceptInsecureCerts: false, browserName: chrome, browserVersion: 84.0.4147.89, chrome: {chromedriverVersion: 83.0.4103.39 (ccbf011cb2d2b..., userDataDir: C:\Users\adamz\AppData\Loca...}, goog:chromeOptions: {debuggerAddress: localhost:56358}, javascriptEnabled: true, networkConnectionEnabled: false, pageLoadStrategy: normal, platform: WINDOWS, platformName: WINDOWS, proxy: Proxy(), setWindowRect: true, strictFileInteractability: false, timeouts: {implicit: 0, pageLoad: 300000, script: 30000}, unhandledPromptBehavior: dismiss and notify, webauthn:virtualAuthenticators: true}
Session ID: 90c8d2fc5d65f7244f8a91f10e639d81
	at org.openqa.selenium.remote.http.W3CHttpResponseCodec.createException(W3CHttpResponseCodec.java:187)
	at org.openqa.selenium.remote.http.W3CHttpResponseCodec.decode(W3CHttpResponseCodec.java:122)
	at org.openqa.selenium.remote.http.W3CHttpResponseCodec.decode(W3CHttpResponseCodec.java:49)
	at org.openqa.selenium.remote.HttpCommandExecutor.execute(HttpCommandExecutor.java:158)
	at org.openqa.selenium.remote.service.DriverCommandExecutor.execute(DriverCommandExecutor.java:83)
	at org.openqa.selenium.remote.RemoteWebDriver.execute(RemoteWebDriver.java:552)
	at com.kms.katalon.selenium.driver.CChromeDriver.execute(CChromeDriver.java:19)
	at org.openqa.selenium.remote.RemoteWebElement.execute(RemoteWebElement.java:285)
	at org.openqa.selenium.remote.RemoteWebElement.click(RemoteWebElement.java:84)
	at org.openqa.selenium.support.events.EventFiringWebDriver$EventFiringWebElement.lambda$new$0(EventFiringWebDriver.java:404)
	at com.sun.proxy.$Proxy9.click(Unknown Source)
	at org.openqa.selenium.support.events.EventFiringWebDriver$EventFiringWebElement.click(EventFiringWebDriver.java:417)
	at com.kms.katalon.core.webui.keyword.builtin.ClickKeyword$_click_closure1.doCall(ClickKeyword.groovy:69)
	at com.kms.katalon.core.webui.keyword.builtin.ClickKeyword$_click_closure1.call(ClickKeyword.groovy)
	at com.kms.katalon.core.webui.keyword.internal.WebUIKeywordMain.runKeyword(WebUIKeywordMain.groovy:20)
	... 19 more


2020-07-28 14:20:59 - [TEST_STEP][PASSED] - openBrowser(""): Browser is opened with url: ''

2020-07-28 14:20:59 - [MESSAGE][INFO] - Starting 'Chrome' driver

2020-07-28 14:20:59 - [MESSAGE][INFO] - Action delay is set to 0 milliseconds

2020-07-28 14:21:03 - [MESSAGE][PASSED] - Browser is opened with url: ''

2020-07-28 14:21:03 - [TEST_STEP][PASSED] - maximizeWindow(): Current window maximized

2020-07-28 14:21:05 - [MESSAGE][PASSED] - Current window maximized

2020-07-28 14:21:05 - [TEST_STEP][PASSED] - navigateToUrl("https://seleniumeasy.com/test"): Navigate to 'https://seleniumeasy.com/test' successfully

2020-07-28 14:21:09 - [MESSAGE][PASSED] - Navigate to 'https://seleniumeasy.com/test' successfully

2020-07-28 14:21:09 - [TEST_STEP][PASSED] - delay(2): Delayed 2 second(s)

2020-07-28 14:21:11 - [MESSAGE][PASSED] - Delayed 2 second(s)

2020-07-28 14:21:11 - [TEST_STEP][FAILED] - click(findTestObject("TestPage/popupCloseBtn")): Unable to click on object 'Object Repository/TestPage/popupCloseBtn' (Root cause: com.kms.katalon.core.exception.StepFailedException: Unable to click on object 'Object Repository/TestPage/popupCloseBtn'
	at com.kms.katalon.core.webui.keyword.internal.WebUIKeywordMain.stepFailed(WebUIKeywordMain.groovy:64)
	at com.kms.katalon.core.webui.keyword.internal.WebUIKeywordMain.runKeyword(WebUIKeywordMain.groovy:26)
	at com.kms.katalon.core.webui.keyword.builtin.ClickKeyword.click(ClickKeyword.groovy:76)
	at com.kms.katalon.core.webui.keyword.builtin.ClickKeyword.execute(ClickKeyword.groovy:43)
	at com.kms.katalon.core.keyword.internal.KeywordExecutor.executeKeywordForPlatform(KeywordExecutor.groovy:73)
	at com.kms.katalon.core.webui.keyword.WebUiBuiltInKeywords.click(WebUiBuiltInKeywords.groovy:616)
	at com.kms.katalon.core.webui.keyword.WebUiBuiltInKeywords$click$2.call(Unknown Source)
	at NavigateToJQuerySelectDropdownPage.run(NavigateToJQuerySelectDropdownPage:27)
	at com.kms.katalon.core.main.ScriptEngine.run(ScriptEngine.java:194)
	at com.kms.katalon.core.main.ScriptEngine.runScriptAsRawText(ScriptEngine.java:119)
	at com.kms.katalon.core.main.TestCaseExecutor.runScript(TestCaseExecutor.java:339)
	at com.kms.katalon.core.main.TestCaseExecutor.doExecute(TestCaseExecutor.java:330)
	at com.kms.katalon.core.main.TestCaseExecutor.processExecutionPhase(TestCaseExecutor.java:309)
	at com.kms.katalon.core.main.TestCaseExecutor.accessMainPhase(TestCaseExecutor.java:301)
	at com.kms.katalon.core.main.TestCaseExecutor.execute(TestCaseExecutor.java:235)
	at com.kms.katalon.core.main.TestSuiteExecutor.accessTestCaseMainPhase(TestSuiteExecutor.java:191)
	at com.kms.katalon.core.main.TestSuiteExecutor.accessTestSuiteMainPhase(TestSuiteExecutor.java:141)
	at com.kms.katalon.core.main.TestSuiteExecutor.execute(TestSuiteExecutor.java:90)
	at com.kms.katalon.core.main.TestCaseMain.startTestSuite(TestCaseMain.java:157)
	at com.kms.katalon.core.main.TestCaseMain$startTestSuite$0.call(Unknown Source)
	at TempTestSuite1595938766287.run(TempTestSuite1595938766287.groovy:39)
Caused by: org.openqa.selenium.ElementNotInteractableException: element not interactable
  (Session info: chrome=84.0.4147.89)
Build info: version: '3.141.59', revision: 'e82be7d358', time: '2018-11-14T08:25:53'
System info: host: 'DESKTOP-9O3DKQB', ip: '10.202.0.2', os.name: 'Windows 10', os.arch: 'amd64', os.version: '10.0', java.version: '1.8.0_181'
Driver info: com.kms.katalon.selenium.driver.CChromeDriver
Capabilities {acceptInsecureCerts: false, browserName: chrome, browserVersion: 84.0.4147.89, chrome: {chromedriverVersion: 83.0.4103.39 (ccbf011cb2d2b..., userDataDir: C:\Users\adamz\AppData\Loca...}, goog:chromeOptions: {debuggerAddress: localhost:56358}, javascriptEnabled: true, networkConnectionEnabled: false, pageLoadStrategy: normal, platform: WINDOWS, platformName: WINDOWS, proxy: Proxy(), setWindowRect: true, strictFileInteractability: false, timeouts: {implicit: 0, pageLoad: 300000, script: 30000}, unhandledPromptBehavior: dismiss and notify, webauthn:virtualAuthenticators: true}
Session ID: 90c8d2fc5d65f7244f8a91f10e639d81
	at org.openqa.selenium.remote.http.W3CHttpResponseCodec.createException(W3CHttpResponseCodec.java:187)
	at org.openqa.selenium.remote.http.W3CHttpResponseCodec.decode(W3CHttpResponseCodec.java:122)
	at org.openqa.selenium.remote.http.W3CHttpResponseCodec.decode(W3CHttpResponseCodec.java:49)
	at org.openqa.selenium.remote.HttpCommandExecutor.execute(HttpCommandExecutor.java:158)
	at org.openqa.selenium.remote.service.DriverCommandExecutor.execute(DriverCommandExecutor.java:83)
	at org.openqa.selenium.remote.RemoteWebDriver.execute(RemoteWebDriver.java:552)
	at com.kms.katalon.selenium.driver.CChromeDriver.execute(CChromeDriver.java:19)
	at org.openqa.selenium.remote.RemoteWebElement.execute(RemoteWebElement.java:285)
	at org.openqa.selenium.remote.RemoteWebElement.click(RemoteWebElement.java:84)
	at org.openqa.selenium.support.events.EventFiringWebDriver$EventFiringWebElement.lambda$new$0(EventFiringWebDriver.java:404)
	at com.sun.proxy.$Proxy9.click(Unknown Source)
	at org.openqa.selenium.support.events.EventFiringWebDriver$EventFiringWebElement.click(EventFiringWebDriver.java:417)
	at com.kms.katalon.core.webui.keyword.builtin.ClickKeyword$_click_closure1.doCall(ClickKeyword.groovy:69)
	at com.kms.katalon.core.webui.keyword.builtin.ClickKeyword$_click_closure1.call(ClickKeyword.groovy)
	at com.kms.katalon.core.webui.keyword.internal.WebUIKeywordMain.runKeyword(WebUIKeywordMain.groovy:20)
	at com.kms.katalon.core.webui.keyword.builtin.ClickKeyword.click(ClickKeyword.groovy:76)
	at com.kms.katalon.core.webui.keyword.builtin.ClickKeyword.execute(ClickKeyword.groovy:43)
	at com.kms.katalon.core.keyword.internal.KeywordExecutor.executeKeywordForPlatform(KeywordExecutor.groovy:73)
	at com.kms.katalon.core.webui.keyword.WebUiBuiltInKeywords.click(WebUiBuiltInKeywords.groovy:616)
	at com.kms.katalon.core.webui.keyword.WebUiBuiltInKeywords$click$2.call(Unknown Source)
	at Script1595938559363.run(Script1595938559363.groovy:27)
	... 13 more
)

2020-07-28 14:21:11 - [MESSAGE][FAILED] - Unable to click on object 'Object Repository/TestPage/popupCloseBtn' (Root cause: com.kms.katalon.core.exception.StepFailedException: Unable to click on object 'Object Repository/TestPage/popupCloseBtn'
	at com.kms.katalon.core.webui.keyword.internal.WebUIKeywordMain.stepFailed(WebUIKeywordMain.groovy:64)
	at com.kms.katalon.core.webui.keyword.internal.WebUIKeywordMain.runKeyword(WebUIKeywordMain.groovy:26)
	at com.kms.katalon.core.webui.keyword.builtin.ClickKeyword.click(ClickKeyword.groovy:76)
	at com.kms.katalon.core.webui.keyword.builtin.ClickKeyword.execute(ClickKeyword.groovy:43)
	at com.kms.katalon.core.keyword.internal.KeywordExecutor.executeKeywordForPlatform(KeywordExecutor.groovy:73)
	at com.kms.katalon.core.webui.keyword.WebUiBuiltInKeywords.click(WebUiBuiltInKeywords.groovy:616)
	at com.kms.katalon.core.webui.keyword.WebUiBuiltInKeywords$click$2.call(Unknown Source)
	at NavigateToJQuerySelectDropdownPage.run(NavigateToJQuerySelectDropdownPage:27)
	at com.kms.katalon.core.main.ScriptEngine.run(ScriptEngine.java:194)
	at com.kms.katalon.core.main.ScriptEngine.runScriptAsRawText(ScriptEngine.java:119)
	at com.kms.katalon.core.main.TestCaseExecutor.runScript(TestCaseExecutor.java:339)
	at com.kms.katalon.core.main.TestCaseExecutor.doExecute(TestCaseExecutor.java:330)
	at com.kms.katalon.core.main.TestCaseExecutor.processExecutionPhase(TestCaseExecutor.java:309)
	at com.kms.katalon.core.main.TestCaseExecutor.accessMainPhase(TestCaseExecutor.java:301)
	at com.kms.katalon.core.main.TestCaseExecutor.execute(TestCaseExecutor.java:235)
	at com.kms.katalon.core.main.TestSuiteExecutor.accessTestCaseMainPhase(TestSuiteExecutor.java:191)
	at com.kms.katalon.core.main.TestSuiteExecutor.accessTestSuiteMainPhase(TestSuiteExecutor.java:141)
	at com.kms.katalon.core.main.TestSuiteExecutor.execute(TestSuiteExecutor.java:90)
	at com.kms.katalon.core.main.TestCaseMain.startTestSuite(TestCaseMain.java:157)
	at com.kms.katalon.core.main.TestCaseMain$startTestSuite$0.call(Unknown Source)
	at TempTestSuite1595938766287.run(TempTestSuite1595938766287.groovy:39)
Caused by: org.openqa.selenium.ElementNotInteractableException: element not interactable
  (Session info: chrome=84.0.4147.89)
Build info: version: '3.141.59', revision: 'e82be7d358', time: '2018-11-14T08:25:53'
System info: host: 'DESKTOP-9O3DKQB', ip: '10.202.0.2', os.name: 'Windows 10', os.arch: 'amd64', os.version: '10.0', java.version: '1.8.0_181'
Driver info: com.kms.katalon.selenium.driver.CChromeDriver
Capabilities {acceptInsecureCerts: false, browserName: chrome, browserVersion: 84.0.4147.89, chrome: {chromedriverVersion: 83.0.4103.39 (ccbf011cb2d2b..., userDataDir: C:\Users\adamz\AppData\Loca...}, goog:chromeOptions: {debuggerAddress: localhost:56358}, javascriptEnabled: true, networkConnectionEnabled: false, pageLoadStrategy: normal, platform: WINDOWS, platformName: WINDOWS, proxy: Proxy(), setWindowRect: true, strictFileInteractability: false, timeouts: {implicit: 0, pageLoad: 300000, script: 30000}, unhandledPromptBehavior: dismiss and notify, webauthn:virtualAuthenticators: true}
Session ID: 90c8d2fc5d65f7244f8a91f10e639d81
	at org.openqa.selenium.remote.http.W3CHttpResponseCodec.createException(W3CHttpResponseCodec.java:187)
	at org.openqa.selenium.remote.http.W3CHttpResponseCodec.decode(W3CHttpResponseCodec.java:122)
	at org.openqa.selenium.remote.http.W3CHttpResponseCodec.decode(W3CHttpResponseCodec.java:49)
	at org.openqa.selenium.remote.HttpCommandExecutor.execute(HttpCommandExecutor.java:158)
	at org.openqa.selenium.remote.service.DriverCommandExecutor.execute(DriverCommandExecutor.java:83)
	at org.openqa.selenium.remote.RemoteWebDriver.execute(RemoteWebDriver.java:552)
	at com.kms.katalon.selenium.driver.CChromeDriver.execute(CChromeDriver.java:19)
	at org.openqa.selenium.remote.RemoteWebElement.execute(RemoteWebElement.java:285)
	at org.openqa.selenium.remote.RemoteWebElement.click(RemoteWebElement.java:84)
	at org.openqa.selenium.support.events.EventFiringWebDriver$EventFiringWebElement.lambda$new$0(EventFiringWebDriver.java:404)
	at com.sun.proxy.$Proxy9.click(Unknown Source)
	at org.openqa.selenium.support.events.EventFiringWebDriver$EventFiringWebElement.click(EventFiringWebDriver.java:417)
	at com.kms.katalon.core.webui.keyword.builtin.ClickKeyword$_click_closure1.doCall(ClickKeyword.groovy:69)
	at com.kms.katalon.core.webui.keyword.builtin.ClickKeyword$_click_closure1.call(ClickKeyword.groovy)
	at com.kms.katalon.core.webui.keyword.internal.WebUIKeywordMain.runKeyword(WebUIKeywordMain.groovy:20)
	at com.kms.katalon.core.webui.keyword.builtin.ClickKeyword.click(ClickKeyword.groovy:76)
	at com.kms.katalon.core.webui.keyword.builtin.ClickKeyword.execute(ClickKeyword.groovy:43)
	at com.kms.katalon.core.keyword.internal.KeywordExecutor.executeKeywordForPlatform(KeywordExecutor.groovy:73)
	at com.kms.katalon.core.webui.keyword.WebUiBuiltInKeywords.click(WebUiBuiltInKeywords.groovy:616)
	at com.kms.katalon.core.webui.keyword.WebUiBuiltInKeywords$click$2.call(Unknown Source)
	at Script1595938559363.run(Script1595938559363.groovy:27)
	... 13 more
)
[[ATTACHMENT|C:\\Users\\adamz\\git\\seleniumeasy-katalon\\Reports\\20200728_141926\\Navigation\\20200728_141926\\1595938871371.png]]]]></system-out>
         <system-err><![CDATA[2020-07-28 14:20:59 - [TEST_CASE][FAILED] - Test Cases/NavigateToJQuerySelectDropdownPage: Test Cases/NavigateToJQuerySelectDropdownPage FAILED.
Reason:
com.kms.katalon.core.exception.StepFailedException: Unable to click on object 'Object Repository/TestPage/popupCloseBtn'
	at com.kms.katalon.core.webui.keyword.internal.WebUIKeywordMain.stepFailed(WebUIKeywordMain.groovy:64)
	at com.kms.katalon.core.webui.keyword.internal.WebUIKeywordMain.runKeyword(WebUIKeywordMain.groovy:26)
	at com.kms.katalon.core.webui.keyword.builtin.ClickKeyword.click(ClickKeyword.groovy:76)
	at com.kms.katalon.core.webui.keyword.builtin.ClickKeyword.execute(ClickKeyword.groovy:43)
	at com.kms.katalon.core.keyword.internal.KeywordExecutor.executeKeywordForPlatform(KeywordExecutor.groovy:73)
	at com.kms.katalon.core.webui.keyword.WebUiBuiltInKeywords.click(WebUiBuiltInKeywords.groovy:616)
	at com.kms.katalon.core.webui.keyword.WebUiBuiltInKeywords$click$2.call(Unknown Source)
	at NavigateToJQuerySelectDropdownPage.run(NavigateToJQuerySelectDropdownPage:27)
	at com.kms.katalon.core.main.ScriptEngine.run(ScriptEngine.java:194)
	at com.kms.katalon.core.main.ScriptEngine.runScriptAsRawText(ScriptEngine.java:119)
	at com.kms.katalon.core.main.TestCaseExecutor.runScript(TestCaseExecutor.java:339)
	at com.kms.katalon.core.main.TestCaseExecutor.doExecute(TestCaseExecutor.java:330)
	at com.kms.katalon.core.main.TestCaseExecutor.processExecutionPhase(TestCaseExecutor.java:309)
	at com.kms.katalon.core.main.TestCaseExecutor.accessMainPhase(TestCaseExecutor.java:301)
	at com.kms.katalon.core.main.TestCaseExecutor.execute(TestCaseExecutor.java:235)
	at com.kms.katalon.core.main.TestSuiteExecutor.accessTestCaseMainPhase(TestSuiteExecutor.java:191)
	at com.kms.katalon.core.main.TestSuiteExecutor.accessTestSuiteMainPhase(TestSuiteExecutor.java:141)
	at com.kms.katalon.core.main.TestSuiteExecutor.execute(TestSuiteExecutor.java:90)
	at com.kms.katalon.core.main.TestCaseMain.startTestSuite(TestCaseMain.java:157)
	at com.kms.katalon.core.main.TestCaseMain$startTestSuite$0.call(Unknown Source)
	at TempTestSuite1595938766287.run(TempTestSuite1595938766287.groovy:39)
Caused by: org.openqa.selenium.ElementNotInteractableException: element not interactable
  (Session info: chrome=84.0.4147.89)
Build info: version: '3.141.59', revision: 'e82be7d358', time: '2018-11-14T08:25:53'
System info: host: 'DESKTOP-9O3DKQB', ip: '10.202.0.2', os.name: 'Windows 10', os.arch: 'amd64', os.version: '10.0', java.version: '1.8.0_181'
Driver info: com.kms.katalon.selenium.driver.CChromeDriver
Capabilities {acceptInsecureCerts: false, browserName: chrome, browserVersion: 84.0.4147.89, chrome: {chromedriverVersion: 83.0.4103.39 (ccbf011cb2d2b..., userDataDir: C:\Users\adamz\AppData\Loca...}, goog:chromeOptions: {debuggerAddress: localhost:56358}, javascriptEnabled: true, networkConnectionEnabled: false, pageLoadStrategy: normal, platform: WINDOWS, platformName: WINDOWS, proxy: Proxy(), setWindowRect: true, strictFileInteractability: false, timeouts: {implicit: 0, pageLoad: 300000, script: 30000}, unhandledPromptBehavior: dismiss and notify, webauthn:virtualAuthenticators: true}
Session ID: 90c8d2fc5d65f7244f8a91f10e639d81
	at org.openqa.selenium.remote.http.W3CHttpResponseCodec.createException(W3CHttpResponseCodec.java:187)
	at org.openqa.selenium.remote.http.W3CHttpResponseCodec.decode(W3CHttpResponseCodec.java:122)
	at org.openqa.selenium.remote.http.W3CHttpResponseCodec.decode(W3CHttpResponseCodec.java:49)
	at org.openqa.selenium.remote.HttpCommandExecutor.execute(HttpCommandExecutor.java:158)
	at org.openqa.selenium.remote.service.DriverCommandExecutor.execute(DriverCommandExecutor.java:83)
	at org.openqa.selenium.remote.RemoteWebDriver.execute(RemoteWebDriver.java:552)
	at com.kms.katalon.selenium.driver.CChromeDriver.execute(CChromeDriver.java:19)
	at org.openqa.selenium.remote.RemoteWebElement.execute(RemoteWebElement.java:285)
	at org.openqa.selenium.remote.RemoteWebElement.click(RemoteWebElement.java:84)
	at org.openqa.selenium.support.events.EventFiringWebDriver$EventFiringWebElement.lambda$new$0(EventFiringWebDriver.java:404)
	at com.sun.proxy.$Proxy9.click(Unknown Source)
	at org.openqa.selenium.support.events.EventFiringWebDriver$EventFiringWebElement.click(EventFiringWebDriver.java:417)
	at com.kms.katalon.core.webui.keyword.builtin.ClickKeyword$_click_closure1.doCall(ClickKeyword.groovy:69)
	at com.kms.katalon.core.webui.keyword.builtin.ClickKeyword$_click_closure1.call(ClickKeyword.groovy)
	at com.kms.katalon.core.webui.keyword.internal.WebUIKeywordMain.runKeyword(WebUIKeywordMain.groovy:20)
	... 19 more]]></system-err>
      </testcase>
      <system-out><![CDATA[2020-07-28 14:19:28 - [TEST_SUITE][FAILED] - Navigation: Test Cases/NavigateToJQuerySelectDropdownPage FAILED.
Reason:
com.kms.katalon.core.exception.StepFailedException: Unable to click on object 'Object Repository/TestPage/popupCloseBtn'
	at com.kms.katalon.core.webui.keyword.internal.WebUIKeywordMain.stepFailed(WebUIKeywordMain.groovy:64)
	at com.kms.katalon.core.webui.keyword.internal.WebUIKeywordMain.runKeyword(WebUIKeywordMain.groovy:26)
	at com.kms.katalon.core.webui.keyword.builtin.ClickKeyword.click(ClickKeyword.groovy:76)
	at com.kms.katalon.core.webui.keyword.builtin.ClickKeyword.execute(ClickKeyword.groovy:43)
	at com.kms.katalon.core.keyword.internal.KeywordExecutor.executeKeywordForPlatform(KeywordExecutor.groovy:73)
	at com.kms.katalon.core.webui.keyword.WebUiBuiltInKeywords.click(WebUiBuiltInKeywords.groovy:616)
	at com.kms.katalon.core.webui.keyword.WebUiBuiltInKeywords$click$2.call(Unknown Source)
	at NavigateToJQuerySelectDropdownPage.run(NavigateToJQuerySelectDropdownPage:27)
	at com.kms.katalon.core.main.ScriptEngine.run(ScriptEngine.java:194)
	at com.kms.katalon.core.main.ScriptEngine.runScriptAsRawText(ScriptEngine.java:119)
	at com.kms.katalon.core.main.TestCaseExecutor.runScript(TestCaseExecutor.java:339)
	at com.kms.katalon.core.main.TestCaseExecutor.doExecute(TestCaseExecutor.java:330)
	at com.kms.katalon.core.main.TestCaseExecutor.processExecutionPhase(TestCaseExecutor.java:309)
	at com.kms.katalon.core.main.TestCaseExecutor.accessMainPhase(TestCaseExecutor.java:301)
	at com.kms.katalon.core.main.TestCaseExecutor.execute(TestCaseExecutor.java:235)
	at com.kms.katalon.core.main.TestSuiteExecutor.accessTestCaseMainPhase(TestSuiteExecutor.java:191)
	at com.kms.katalon.core.main.TestSuiteExecutor.accessTestSuiteMainPhase(TestSuiteExecutor.java:141)
	at com.kms.katalon.core.main.TestSuiteExecutor.execute(TestSuiteExecutor.java:90)
	at com.kms.katalon.core.main.TestCaseMain.startTestSuite(TestCaseMain.java:157)
	at com.kms.katalon.core.main.TestCaseMain$startTestSuite$0.call(Unknown Source)
	at TempTestSuite1595938766287.run(TempTestSuite1595938766287.groovy:39)
Caused by: org.openqa.selenium.ElementNotInteractableException: element not interactable
  (Session info: chrome=84.0.4147.89)
Build info: version: '3.141.59', revision: 'e82be7d358', time: '2018-11-14T08:25:53'
System info: host: 'DESKTOP-9O3DKQB', ip: '10.202.0.2', os.name: 'Windows 10', os.arch: 'amd64', os.version: '10.0', java.version: '1.8.0_181'
Driver info: com.kms.katalon.selenium.driver.CChromeDriver
Capabilities {acceptInsecureCerts: false, browserName: chrome, browserVersion: 84.0.4147.89, chrome: {chromedriverVersion: 83.0.4103.39 (ccbf011cb2d2b..., userDataDir: C:\Users\adamz\AppData\Loca...}, goog:chromeOptions: {debuggerAddress: localhost:56358}, javascriptEnabled: true, networkConnectionEnabled: false, pageLoadStrategy: normal, platform: WINDOWS, platformName: WINDOWS, proxy: Proxy(), setWindowRect: true, strictFileInteractability: false, timeouts: {implicit: 0, pageLoad: 300000, script: 30000}, unhandledPromptBehavior: dismiss and notify, webauthn:virtualAuthenticators: true}
Session ID: 90c8d2fc5d65f7244f8a91f10e639d81
	at org.openqa.selenium.remote.http.W3CHttpResponseCodec.createException(W3CHttpResponseCodec.java:187)
	at org.openqa.selenium.remote.http.W3CHttpResponseCodec.decode(W3CHttpResponseCodec.java:122)
	at org.openqa.selenium.remote.http.W3CHttpResponseCodec.decode(W3CHttpResponseCodec.java:49)
	at org.openqa.selenium.remote.HttpCommandExecutor.execute(HttpCommandExecutor.java:158)
	at org.openqa.selenium.remote.service.DriverCommandExecutor.execute(DriverCommandExecutor.java:83)
	at org.openqa.selenium.remote.RemoteWebDriver.execute(RemoteWebDriver.java:552)
	at com.kms.katalon.selenium.driver.CChromeDriver.execute(CChromeDriver.java:19)
	at org.openqa.selenium.remote.RemoteWebElement.execute(RemoteWebElement.java:285)
	at org.openqa.selenium.remote.RemoteWebElement.click(RemoteWebElement.java:84)
	at org.openqa.selenium.support.events.EventFiringWebDriver$EventFiringWebElement.lambda$new$0(EventFiringWebDriver.java:404)
	at com.sun.proxy.$Proxy9.click(Unknown Source)
	at org.openqa.selenium.support.events.EventFiringWebDriver$EventFiringWebElement.click(EventFiringWebDriver.java:417)
	at com.kms.katalon.core.webui.keyword.builtin.ClickKeyword$_click_closure1.doCall(ClickKeyword.groovy:69)
	at com.kms.katalon.core.webui.keyword.builtin.ClickKeyword$_click_closure1.call(ClickKeyword.groovy)
	at com.kms.katalon.core.webui.keyword.internal.WebUIKeywordMain.runKeyword(WebUIKeywordMain.groovy:20)
	... 19 more]]></system-out>
      <system-err><![CDATA[2020-07-28 14:19:28 - [TEST_SUITE][FAILED] - Navigation: Test Cases/NavigateToJQuerySelectDropdownPage FAILED.
Reason:
com.kms.katalon.core.exception.StepFailedException: Unable to click on object 'Object Repository/TestPage/popupCloseBtn'
	at com.kms.katalon.core.webui.keyword.internal.WebUIKeywordMain.stepFailed(WebUIKeywordMain.groovy:64)
	at com.kms.katalon.core.webui.keyword.internal.WebUIKeywordMain.runKeyword(WebUIKeywordMain.groovy:26)
	at com.kms.katalon.core.webui.keyword.builtin.ClickKeyword.click(ClickKeyword.groovy:76)
	at com.kms.katalon.core.webui.keyword.builtin.ClickKeyword.execute(ClickKeyword.groovy:43)
	at com.kms.katalon.core.keyword.internal.KeywordExecutor.executeKeywordForPlatform(KeywordExecutor.groovy:73)
	at com.kms.katalon.core.webui.keyword.WebUiBuiltInKeywords.click(WebUiBuiltInKeywords.groovy:616)
	at com.kms.katalon.core.webui.keyword.WebUiBuiltInKeywords$click$2.call(Unknown Source)
	at NavigateToJQuerySelectDropdownPage.run(NavigateToJQuerySelectDropdownPage:27)
	at com.kms.katalon.core.main.ScriptEngine.run(ScriptEngine.java:194)
	at com.kms.katalon.core.main.ScriptEngine.runScriptAsRawText(ScriptEngine.java:119)
	at com.kms.katalon.core.main.TestCaseExecutor.runScript(TestCaseExecutor.java:339)
	at com.kms.katalon.core.main.TestCaseExecutor.doExecute(TestCaseExecutor.java:330)
	at com.kms.katalon.core.main.TestCaseExecutor.processExecutionPhase(TestCaseExecutor.java:309)
	at com.kms.katalon.core.main.TestCaseExecutor.accessMainPhase(TestCaseExecutor.java:301)
	at com.kms.katalon.core.main.TestCaseExecutor.execute(TestCaseExecutor.java:235)
	at com.kms.katalon.core.main.TestSuiteExecutor.accessTestCaseMainPhase(TestSuiteExecutor.java:191)
	at com.kms.katalon.core.main.TestSuiteExecutor.accessTestSuiteMainPhase(TestSuiteExecutor.java:141)
	at com.kms.katalon.core.main.TestSuiteExecutor.execute(TestSuiteExecutor.java:90)
	at com.kms.katalon.core.main.TestCaseMain.startTestSuite(TestCaseMain.java:157)
	at com.kms.katalon.core.main.TestCaseMain$startTestSuite$0.call(Unknown Source)
	at TempTestSuite1595938766287.run(TempTestSuite1595938766287.groovy:39)
Caused by: org.openqa.selenium.ElementNotInteractableException: element not interactable
  (Session info: chrome=84.0.4147.89)
Build info: version: '3.141.59', revision: 'e82be7d358', time: '2018-11-14T08:25:53'
System info: host: 'DESKTOP-9O3DKQB', ip: '10.202.0.2', os.name: 'Windows 10', os.arch: 'amd64', os.version: '10.0', java.version: '1.8.0_181'
Driver info: com.kms.katalon.selenium.driver.CChromeDriver
Capabilities {acceptInsecureCerts: false, browserName: chrome, browserVersion: 84.0.4147.89, chrome: {chromedriverVersion: 83.0.4103.39 (ccbf011cb2d2b..., userDataDir: C:\Users\adamz\AppData\Loca...}, goog:chromeOptions: {debuggerAddress: localhost:56358}, javascriptEnabled: true, networkConnectionEnabled: false, pageLoadStrategy: normal, platform: WINDOWS, platformName: WINDOWS, proxy: Proxy(), setWindowRect: true, strictFileInteractability: false, timeouts: {implicit: 0, pageLoad: 300000, script: 30000}, unhandledPromptBehavior: dismiss and notify, webauthn:virtualAuthenticators: true}
Session ID: 90c8d2fc5d65f7244f8a91f10e639d81
	at org.openqa.selenium.remote.http.W3CHttpResponseCodec.createException(W3CHttpResponseCodec.java:187)
	at org.openqa.selenium.remote.http.W3CHttpResponseCodec.decode(W3CHttpResponseCodec.java:122)
	at org.openqa.selenium.remote.http.W3CHttpResponseCodec.decode(W3CHttpResponseCodec.java:49)
	at org.openqa.selenium.remote.HttpCommandExecutor.execute(HttpCommandExecutor.java:158)
	at org.openqa.selenium.remote.service.DriverCommandExecutor.execute(DriverCommandExecutor.java:83)
	at org.openqa.selenium.remote.RemoteWebDriver.execute(RemoteWebDriver.java:552)
	at com.kms.katalon.selenium.driver.CChromeDriver.execute(CChromeDriver.java:19)
	at org.openqa.selenium.remote.RemoteWebElement.execute(RemoteWebElement.java:285)
	at org.openqa.selenium.remote.RemoteWebElement.click(RemoteWebElement.java:84)
	at org.openqa.selenium.support.events.EventFiringWebDriver$EventFiringWebElement.lambda$new$0(EventFiringWebDriver.java:404)
	at com.sun.proxy.$Proxy9.click(Unknown Source)
	at org.openqa.selenium.support.events.EventFiringWebDriver$EventFiringWebElement.click(EventFiringWebDriver.java:417)
	at com.kms.katalon.core.webui.keyword.builtin.ClickKeyword$_click_closure1.doCall(ClickKeyword.groovy:69)
	at com.kms.katalon.core.webui.keyword.builtin.ClickKeyword$_click_closure1.call(ClickKeyword.groovy)
	at com.kms.katalon.core.webui.keyword.internal.WebUIKeywordMain.runKeyword(WebUIKeywordMain.groovy:20)
	... 19 more]]></system-err>
   </testsuite>
</testsuites>
